mode: set
apigear/pkg/prj/zip.go:13.56,15.16 2 0
apigear/pkg/prj/zip.go:18.2,24.83 6 0
apigear/pkg/prj/zip.go:55.2,55.12 1 0
apigear/pkg/prj/zip.go:15.16,17.3 1 0
apigear/pkg/prj/zip.go:24.83,25.17 1 0
apigear/pkg/prj/zip.go:28.3,29.17 2 0
apigear/pkg/prj/zip.go:32.3,34.17 3 0
apigear/pkg/prj/zip.go:37.3,39.48 3 0
apigear/pkg/prj/zip.go:42.3,42.20 1 0
apigear/pkg/prj/zip.go:53.3,53.13 1 0
apigear/pkg/prj/zip.go:25.17,27.4 1 0
apigear/pkg/prj/zip.go:29.17,31.4 1 0
apigear/pkg/prj/zip.go:34.17,36.4 1 0
apigear/pkg/prj/zip.go:39.48,41.4 1 0
apigear/pkg/prj/zip.go:42.20,44.18 2 0
apigear/pkg/prj/zip.go:47.4,49.18 3 0
apigear/pkg/prj/zip.go:44.18,46.5 1 0
apigear/pkg/prj/zip.go:49.18,51.5 1 0
apigear/pkg/gen/filters/filtergo/go_return.go:9.65,10.19 1 0
apigear/pkg/gen/filters/filtergo/go_return.go:14.2,15.25 2 0
apigear/pkg/gen/filters/filtergo/go_return.go:35.2,35.20 1 0
apigear/pkg/gen/filters/filtergo/go_return.go:38.2,38.13 1 0
apigear/pkg/gen/filters/filtergo/go_return.go:10.19,13.3 2 0
apigear/pkg/gen/filters/filtergo/go_return.go:16.24,17.18 1 0
apigear/pkg/gen/filters/filtergo/go_return.go:18.21,19.15 1 0
apigear/pkg/gen/filters/filtergo/go_return.go:20.23,21.19 1 0
apigear/pkg/gen/filters/filtergo/go_return.go:22.22,23.16 1 0
apigear/pkg/gen/filters/filtergo/go_return.go:24.22,25.50 1 0
apigear/pkg/gen/filters/filtergo/go_return.go:26.24,27.50 1 0
apigear/pkg/gen/filters/filtergo/go_return.go:28.27,29.51 1 0
apigear/pkg/gen/filters/filtergo/go_return.go:30.22,31.12 1 0
apigear/pkg/gen/filters/filtergo/go_return.go:32.10,33.62 1 0
apigear/pkg/gen/filters/filtergo/go_return.go:35.20,37.3 1 0
apigear/pkg/gen/filters/filtergo/go_return.go:42.60,43.17 1 0
apigear/pkg/gen/filters/filtergo/go_return.go:47.2,47.45 1 0
apigear/pkg/gen/filters/filtergo/go_return.go:43.17,46.3 2 0
apigear/pkg/spec/schema.go:36.80,38.16 2 0
apigear/pkg/spec/schema.go:41.2,41.16 1 0
apigear/pkg/spec/schema.go:45.2,49.16 3 0
apigear/pkg/spec/schema.go:52.2,53.16 2 0
apigear/pkg/spec/schema.go:56.2,56.20 1 0
apigear/pkg/spec/schema.go:38.16,40.3 1 0
apigear/pkg/spec/schema.go:41.16,43.3 1 0
apigear/pkg/spec/schema.go:49.16,51.3 1 0
apigear/pkg/spec/schema.go:53.16,55.3 1 0
apigear/pkg/spec/schema.go:59.46,62.16 3 0
apigear/pkg/spec/schema.go:65.2,65.40 1 0
apigear/pkg/spec/schema.go:62.16,64.3 1 0
apigear/pkg/spec/schema.go:68.46,71.16 3 0
apigear/pkg/spec/schema.go:74.2,74.24 1 0
apigear/pkg/spec/schema.go:71.16,73.3 1 0
apigear/pkg/spec/schema.go:77.66,79.11 2 0
apigear/pkg/spec/schema.go:92.2,94.16 3 0
apigear/pkg/spec/schema.go:97.2,97.26 1 0
apigear/pkg/spec/schema.go:80.26,81.31 1 0
apigear/pkg/spec/schema.go:82.28,83.33 1 0
apigear/pkg/spec/schema.go:84.28,85.33 1 0
apigear/pkg/spec/schema.go:86.25,87.30 1 0
apigear/pkg/spec/schema.go:88.10,89.56 1 0
apigear/pkg/spec/schema.go:94.16,96.3 1 0
apigear/pkg/spec/schema.go:100.57,103.16 3 0
apigear/pkg/spec/schema.go:106.2,106.11 1 0
apigear/pkg/spec/schema.go:103.16,105.3 1 0
apigear/pkg/spec/schema.go:107.16,108.33 1 0
apigear/pkg/spec/schema.go:109.18,110.35 1 0
apigear/pkg/spec/schema.go:111.18,112.35 1 0
apigear/pkg/spec/schema.go:113.15,114.32 1 0
apigear/pkg/spec/schema.go:115.10,116.77 1 0
apigear/pkg/spec/schema.go:120.58,121.24 1 0
apigear/pkg/spec/schema.go:124.2,125.20 2 0
apigear/pkg/spec/schema.go:128.2,128.33 1 0
apigear/pkg/spec/schema.go:121.24,123.3 1 0
apigear/pkg/spec/schema.go:125.20,127.3 1 0
apigear/cmd/run.go:20.16,24.42 3 0
apigear/cmd/run.go:28.2,28.10 1 0
apigear/cmd/run.go:24.42,27.3 2 0
apigear/pkg/helper/fs.go:13.30,15.16 2 0
apigear/pkg/helper/fs.go:18.2,18.19 1 0
apigear/pkg/helper/fs.go:15.16,17.3 1 0
apigear/pkg/helper/fs.go:21.31,23.16 2 0
apigear/pkg/helper/fs.go:26.2,26.20 1 0
apigear/pkg/helper/fs.go:23.16,25.3 1 0
apigear/pkg/helper/fs.go:29.32,32.2 2 0
apigear/pkg/helper/fs.go:34.53,36.16 2 0
apigear/pkg/helper/fs.go:39.2,40.13 2 0
apigear/pkg/helper/fs.go:36.16,38.3 1 0
apigear/pkg/helper/fs.go:41.15,42.33 1 0
apigear/pkg/helper/fs.go:43.23,44.33 1 0
apigear/pkg/helper/fs.go:45.10,46.59 1 0
apigear/pkg/helper/fs.go:50.54,52.13 2 0
apigear/pkg/helper/fs.go:53.15,55.17 2 0
apigear/pkg/helper/fs.go:58.3,58.44 1 0
apigear/pkg/helper/fs.go:59.23,61.17 2 0
apigear/pkg/helper/fs.go:64.3,64.44 1 0
apigear/pkg/helper/fs.go:65.10,66.59 1 0
apigear/pkg/helper/fs.go:55.17,57.4 1 0
apigear/pkg/helper/fs.go:61.17,63.4 1 0
apigear/pkg/helper/fs.go:70.35,72.13 2 0
apigear/pkg/helper/fs.go:73.32,74.14 1 0
apigear/pkg/helper/fs.go:75.10,76.15 1 0
apigear/pkg/helper/fs.go:80.51,83.16 3 0
apigear/pkg/helper/fs.go:86.2,86.29 1 0
apigear/pkg/helper/fs.go:96.2,96.20 1 0
apigear/pkg/helper/fs.go:83.16,85.3 1 0
apigear/pkg/helper/fs.go:86.29,88.19 2 0
apigear/pkg/helper/fs.go:91.3,91.38 1 0
apigear/pkg/helper/fs.go:94.3,94.53 1 0
apigear/pkg/helper/fs.go:88.19,89.12 1 0
apigear/pkg/helper/fs.go:91.38,92.12 1 0
apigear/pkg/helper/fs.go:99.57,101.2 1 0
apigear/pkg/helper/fs.go:103.44,106.16 3 0
apigear/pkg/helper/fs.go:109.2,109.26 1 0
apigear/pkg/helper/fs.go:106.16,108.3 1 0
apigear/pkg/gen/filters/filtercpp/testloader.go:11.45,16.2 4 1
apigear/pkg/mon/event.go:12.36,14.2 1 0
apigear/pkg/mon/event.go:16.41,18.2 1 0
apigear/pkg/mon/event.go:45.51,49.2 1 0
apigear/pkg/mon/event.go:52.85,61.2 1 0
apigear/pkg/mon/event.go:64.68,66.2 1 0
apigear/pkg/mon/event.go:69.70,71.2 1 0
apigear/pkg/mon/event.go:74.69,76.2 1 0
apigear/pkg/mon/event.go:79.53,80.24 1 0
apigear/pkg/mon/event.go:83.2,83.20 1 0
apigear/pkg/mon/event.go:86.2,86.30 1 0
apigear/pkg/mon/event.go:89.2,89.14 1 0
apigear/pkg/mon/event.go:80.24,82.3 1 0
apigear/pkg/mon/event.go:83.20,85.3 1 0
apigear/pkg/mon/event.go:86.30,88.3 1 0
apigear/pkg/mon/event.go:95.28,97.2 1 0
apigear/pkg/mon/event.go:100.30,102.2 1 0
apigear/pkg/mon/sender.go:11.46,13.2 1 0
apigear/pkg/mon/sender.go:18.55,19.29 1 0
apigear/pkg/mon/sender.go:19.29,23.17 3 0
apigear/pkg/mon/sender.go:23.17,25.4 1 0
apigear/pkg/helper/docs.go:9.52,11.2 1 0
apigear/pkg/helper/docs.go:13.52,15.2 1 0
apigear/cmd/prj/pack.go:13.38,19.48 1 0
apigear/cmd/prj/pack.go:38.2,38.12 1 0
apigear/cmd/prj/pack.go:19.48,23.18 4 0
apigear/cmd/prj/pack.go:27.4,31.18 4 0
apigear/cmd/prj/pack.go:35.4,35.59 1 0
apigear/cmd/prj/pack.go:23.18,26.5 2 0
apigear/cmd/prj/pack.go:31.18,34.5 2 0
apigear/pkg/tpl/init.go:10.13,12.16 2 1
apigear/pkg/tpl/init.go:15.2,18.16 4 1
apigear/pkg/tpl/init.go:12.16,13.13 1 0
apigear/pkg/tpl/init.go:18.16,19.13 1 0
apigear/pkg/tpl/init.go:23.29,25.2 1 0
apigear/pkg/gen/filters/filtercpp/cpp_ns.go:11.56,13.19 2 1
apigear/pkg/gen/filters/filtercpp/cpp_ns.go:16.2,17.52 2 1
apigear/pkg/gen/filters/filtercpp/cpp_ns.go:20.2,21.37 2 1
apigear/pkg/gen/filters/filtercpp/cpp_ns.go:13.19,15.3 1 0
apigear/pkg/gen/filters/filtercpp/cpp_ns.go:17.52,19.3 1 1
apigear/pkg/gen/filters/filtercpp/cpp_ns.go:25.57,27.19 2 1
apigear/pkg/gen/filters/filtercpp/cpp_ns.go:30.2,33.18 4 1
apigear/pkg/gen/filters/filtercpp/cpp_ns.go:37.2,38.37 2 1
apigear/pkg/gen/filters/filtercpp/cpp_ns.go:27.19,29.3 1 0
apigear/pkg/gen/filters/filtercpp/cpp_ns.go:33.18,36.3 2 1
apigear/pkg/gen/filters/filtercpp/cpp_ns.go:42.52,44.19 2 1
apigear/pkg/gen/filters/filtercpp/cpp_ns.go:47.2,49.37 3 1
apigear/pkg/gen/filters/filtercpp/cpp_ns.go:44.19,46.3 1 0
apigear/cmd/prj/info.go:11.38,17.48 1 0
apigear/cmd/prj/info.go:33.2,33.12 1 0
apigear/cmd/prj/info.go:17.48,21.18 4 0
apigear/cmd/prj/info.go:25.4,27.37 3 0
apigear/cmd/prj/info.go:21.18,24.5 2 0
apigear/cmd/prj/info.go:27.37,29.5 1 0
apigear/pkg/gen/filters/filtergo/filters.go:8.43,13.2 4 0
apigear/pkg/gen/filters/filtergo/go_params.go:8.63,10.26 2 0
apigear/pkg/gen/filters/filtergo/go_params.go:13.2,13.35 1 0
apigear/pkg/gen/filters/filtergo/go_params.go:10.26,12.3 1 0
apigear/cmd/sdk/root.go:7.38,14.55 1 0
apigear/cmd/sdk/root.go:18.2,19.12 2 0
apigear/cmd/sdk/root.go:14.55,16.4 1 0
apigear/cmd/sdk/sol.go:17.37,20.16 3 0
apigear/cmd/sdk/sol.go:24.2,25.16 2 0
apigear/cmd/sdk/sol.go:28.2,30.12 3 0
apigear/cmd/sdk/sol.go:20.16,23.3 2 0
apigear/cmd/sdk/sol.go:25.16,27.3 1 0
apigear/cmd/sdk/sol.go:33.41,35.16 2 0
apigear/cmd/sdk/sol.go:38.2,39.16 2 0
apigear/cmd/sdk/sol.go:42.2,44.12 3 0
apigear/cmd/sdk/sol.go:60.2,61.16 2 0
apigear/cmd/sdk/sol.go:64.2,64.8 1 0
apigear/cmd/sdk/sol.go:35.16,37.3 1 0
apigear/cmd/sdk/sol.go:39.16,41.3 1 0
apigear/cmd/sdk/sol.go:44.12,45.7 1 0
apigear/cmd/sdk/sol.go:45.7,46.11 1 0
apigear/cmd/sdk/sol.go:47.35,48.50 1 0
apigear/cmd/sdk/sol.go:55.33,56.19 1 0
apigear/cmd/sdk/sol.go:48.50,51.20 3 0
apigear/cmd/sdk/sol.go:51.20,53.7 1 0
apigear/cmd/sdk/sol.go:61.16,63.3 1 0
apigear/cmd/sdk/sol.go:67.42,77.55 2 0
apigear/cmd/sdk/sol.go:90.2,91.12 2 0
apigear/cmd/sdk/sol.go:77.55,79.21 2 0
apigear/cmd/sdk/sol.go:87.4,87.14 1 0
apigear/cmd/sdk/sol.go:79.21,81.5 1 0
apigear/cmd/sdk/sol.go:81.10,83.19 2 0
apigear/cmd/sdk/sol.go:83.19,85.6 1 0
apigear/cmd/tpl/update.go:9.40,18.48 2 0
apigear/cmd/tpl/update.go:27.2,27.12 1 0
apigear/cmd/tpl/update.go:18.48,22.18 4 0
apigear/cmd/tpl/update.go:22.18,24.5 1 0
apigear/tests/tools.go:13.13,15.16 2 1
apigear/tests/tools.go:18.2,18.44 1 1
apigear/tests/tools.go:15.16,16.13 1 0
apigear/tests/tools.go:21.62,23.27 2 0
apigear/tests/tools.go:31.2,31.25 1 0
apigear/tests/tools.go:23.27,25.17 2 0
apigear/tests/tools.go:29.3,29.39 1 0
apigear/tests/tools.go:25.17,28.4 2 0
apigear/tests/tools.go:34.67,35.32 1 0
apigear/tests/tools.go:51.2,51.12 1 0
apigear/tests/tools.go:35.32,39.17 4 0
apigear/tests/tools.go:42.3,43.17 2 0
apigear/tests/tools.go:46.3,47.17 2 0
apigear/tests/tools.go:39.17,41.4 1 0
apigear/tests/tools.go:43.17,45.4 1 0
apigear/tests/tools.go:47.17,49.4 1 0
apigear/pkg/net/rpc/reader.go:13.96,16.16 2 0
apigear/pkg/net/rpc/reader.go:20.2,23.16 3 0
apigear/pkg/net/rpc/reader.go:16.16,19.3 2 0
apigear/pkg/net/rpc/reader.go:23.16,26.3 2 0
apigear/pkg/net/rpc/reader.go:29.96,32.21 3 0
apigear/pkg/net/rpc/reader.go:49.2,51.16 3 0
apigear/pkg/net/rpc/reader.go:55.2,55.12 1 0
apigear/pkg/net/rpc/reader.go:32.21,38.17 5 0
apigear/pkg/net/rpc/reader.go:41.3,42.16 2 0
apigear/pkg/net/rpc/reader.go:46.3,47.15 2 0
apigear/pkg/net/rpc/reader.go:38.17,40.4 1 0
apigear/pkg/net/rpc/reader.go:42.16,45.4 2 0
apigear/pkg/net/rpc/reader.go:51.16,54.3 2 0
apigear/pkg/sim/server.go:6.26,8.2 1 0
apigear/cmd/mon/root.go:7.38,19.55 1 0
apigear/cmd/mon/root.go:23.2,25.12 3 0
apigear/cmd/mon/root.go:19.55,21.4 1 0
apigear/cmd/prj/open.go:12.38,18.48 1 0
apigear/cmd/prj/open.go:28.2,28.12 1 0
apigear/cmd/prj/open.go:18.48,22.18 4 0
apigear/cmd/prj/open.go:22.18,25.5 2 0
apigear/pkg/gen/filters/filtergo/go_default.go:9.66,10.19 1 0
apigear/pkg/gen/filters/filtergo/go_default.go:14.2,15.20 2 0
apigear/pkg/gen/filters/filtergo/go_default.go:59.2,59.13 1 0
apigear/pkg/gen/filters/filtergo/go_default.go:10.19,13.3 2 0
apigear/pkg/gen/filters/filtergo/go_default.go:15.20,16.26 1 0
apigear/pkg/gen/filters/filtergo/go_default.go:17.25,18.23 1 0
apigear/pkg/gen/filters/filtergo/go_default.go:19.22,20.20 1 0
apigear/pkg/gen/filters/filtergo/go_default.go:21.24,22.24 1 0
apigear/pkg/gen/filters/filtergo/go_default.go:23.23,24.21 1 0
apigear/pkg/gen/filters/filtergo/go_default.go:25.23,26.55 1 0
apigear/pkg/gen/filters/filtergo/go_default.go:27.25,28.55 1 0
apigear/pkg/gen/filters/filtergo/go_default.go:29.28,30.56 1 0
apigear/pkg/gen/filters/filtergo/go_default.go:31.11,32.63 1 0
apigear/pkg/gen/filters/filtergo/go_default.go:34.8,35.26 1 0
apigear/pkg/gen/filters/filtergo/go_default.go:36.25,37.17 1 0
apigear/pkg/gen/filters/filtergo/go_default.go:38.22,39.14 1 0
apigear/pkg/gen/filters/filtergo/go_default.go:40.24,41.16 1 0
apigear/pkg/gen/filters/filtergo/go_default.go:42.23,43.18 1 0
apigear/pkg/gen/filters/filtergo/go_default.go:44.23,47.63 3 0
apigear/pkg/gen/filters/filtergo/go_default.go:48.25,50.50 2 0
apigear/pkg/gen/filters/filtergo/go_default.go:51.28,52.16 1 0
apigear/pkg/gen/filters/filtergo/go_default.go:53.23,54.13 1 0
apigear/pkg/gen/filters/filtergo/go_default.go:55.11,56.63 1 0
apigear/pkg/gen/filters/filtergo/go_default.go:62.61,63.17 1 0
apigear/pkg/gen/filters/filtergo/go_default.go:67.2,67.46 1 0
apigear/pkg/gen/filters/filtergo/go_default.go:63.17,66.3 2 0
apigear/pkg/gen/filters/common.go:10.38,12.2 1 0
apigear/pkg/gen/filters/common.go:15.33,17.2 1 0
apigear/pkg/gen/filters/common.go:20.38,22.2 1 0
apigear/pkg/gen/filters/common.go:25.33,27.2 1 0
apigear/pkg/gen/filters/common.go:30.38,32.2 1 0
apigear/pkg/gen/filters/common.go:35.36,37.2 1 0
apigear/pkg/gen/filters/common.go:40.31,42.2 1 0
apigear/pkg/gen/filters/common.go:45.36,47.2 1 0
apigear/pkg/gen/filters/common.go:50.38,52.2 1 0
apigear/pkg/gen/filters/common.go:55.33,57.2 1 0
apigear/pkg/gen/filters/common.go:60.38,62.2 1 0
apigear/pkg/gen/filters/common.go:65.37,67.2 1 0
apigear/pkg/gen/filters/common.go:70.32,72.2 1 0
apigear/pkg/gen/filters/common.go:75.37,77.2 1 0
apigear/pkg/gen/filters/common.go:80.33,82.2 1 0
apigear/pkg/gen/filters/common.go:85.33,87.2 1 0
apigear/pkg/gen/filters/common.go:90.34,92.2 1 0
apigear/pkg/gen/filters/common.go:95.34,97.2 1 0
apigear/pkg/gen/filters/common.go:100.33,102.2 1 0
apigear/pkg/gen/filters/common.go:105.38,107.2 1 0
apigear/pkg/gen/filters/common.go:110.38,112.2 1 0
apigear/pkg/net/rpc/hub.go:20.44,32.2 3 0
apigear/pkg/net/rpc/hub.go:34.78,36.16 2 0
apigear/pkg/net/rpc/hub.go:40.2,40.24 1 0
apigear/pkg/net/rpc/hub.go:36.16,39.3 2 0
apigear/pkg/net/rpc/hub.go:43.21,44.6 1 0
apigear/pkg/net/rpc/hub.go:44.6,45.10 1 0
apigear/pkg/net/rpc/hub.go:46.26,47.21 1 0
apigear/pkg/net/rpc/hub.go:48.28,49.31 1 0
apigear/pkg/net/rpc/hub.go:53.26,54.23 1 0
apigear/pkg/net/rpc/hub.go:61.27,62.27 1 0
apigear/pkg/net/rpc/hub.go:49.31,52.5 2 0
apigear/pkg/net/rpc/hub.go:54.23,56.19 2 0
apigear/pkg/net/rpc/hub.go:56.19,59.6 1 0
apigear/pkg/net/rpc/hub.go:62.27,63.12 1 0
apigear/pkg/net/rpc/hub.go:64.22,64.22 0 0
apigear/pkg/net/rpc/hub.go:65.13,66.23 1 0
apigear/pkg/net/rpc/hub.go:73.41,75.2 1 0
apigear/pkg/net/server.go:15.30,25.2 6 0
apigear/pkg/net/server.go:27.38,29.2 1 0
apigear/pkg/net/server.go:31.43,34.2 2 0
apigear/cmd/sim/feed.go:15.65,18.2 2 0
apigear/cmd/sim/feed.go:20.40,33.48 3 0
apigear/cmd/sim/feed.go:51.2,53.12 3 0
apigear/cmd/sim/feed.go:33.48,36.40 3 0
apigear/cmd/sim/feed.go:37.19,42.19 5 0
apigear/cmd/sim/feed.go:45.5,47.33 3 0
apigear/cmd/sim/feed.go:42.19,44.6 1 0
apigear/pkg/tpl/update.go:8.40,13.16 4 0
apigear/pkg/tpl/update.go:17.2,17.12 1 0
apigear/pkg/tpl/update.go:13.16,16.3 1 0
apigear/pkg/mon/http.go:13.43,18.16 4 0
apigear/pkg/mon/http.go:23.2,28.16 3 0
apigear/pkg/mon/http.go:33.2,37.16 4 0
apigear/pkg/mon/http.go:42.2,45.16 3 0
apigear/pkg/mon/http.go:50.2,51.12 2 0
apigear/pkg/mon/http.go:18.16,21.3 2 0
apigear/pkg/mon/http.go:28.16,31.3 2 0
apigear/pkg/mon/http.go:37.16,40.3 2 0
apigear/pkg/mon/http.go:45.16,48.3 2 0
apigear/cmd/prj/root.go:7.38,14.55 1 0
apigear/cmd/prj/root.go:18.2,27.12 10 0
apigear/cmd/prj/root.go:14.55,16.4 1 0
apigear/pkg/sol/runner.go:20.24,22.37 2 0
apigear/pkg/sol/runner.go:22.37,24.17 2 0
apigear/pkg/sol/runner.go:24.17,26.4 1 0
apigear/pkg/sol/runner.go:32.63,40.16 8 0
apigear/pkg/sol/runner.go:44.2,46.16 3 0
apigear/pkg/sol/runner.go:50.2,51.16 2 0
apigear/pkg/sol/runner.go:55.2,56.16 2 0
apigear/pkg/sol/runner.go:59.2,59.33 1 0
apigear/pkg/sol/runner.go:40.16,43.3 1 0
apigear/pkg/sol/runner.go:46.16,48.3 1 0
apigear/pkg/sol/runner.go:51.16,53.3 1 0
apigear/pkg/sol/runner.go:56.16,58.3 1 0
apigear/pkg/sol/runner.go:65.70,70.16 5 0
apigear/pkg/sol/runner.go:74.2,74.29 1 0
apigear/pkg/sol/runner.go:91.2,92.16 2 0
apigear/pkg/sol/runner.go:95.2,95.12 1 0
apigear/pkg/sol/runner.go:70.16,73.3 2 0
apigear/pkg/sol/runner.go:74.29,76.29 2 0
apigear/pkg/sol/runner.go:77.33,79.18 2 0
apigear/pkg/sol/runner.go:82.15,84.18 2 0
apigear/pkg/sol/runner.go:87.11,88.49 1 0
apigear/pkg/sol/runner.go:79.18,81.5 1 0
apigear/pkg/sol/runner.go:84.18,86.5 1 0
apigear/pkg/sol/runner.go:92.16,94.3 1 0
apigear/pkg/sol/runner.go:102.82,104.31 2 0
apigear/pkg/sol/runner.go:130.2,130.19 1 0
apigear/pkg/sol/runner.go:104.31,107.17 3 0
apigear/pkg/sol/runner.go:112.3,112.19 1 0
apigear/pkg/sol/runner.go:107.17,109.12 2 0
apigear/pkg/sol/runner.go:112.19,113.85 1 0
apigear/pkg/sol/runner.go:123.4,123.18 1 0
apigear/pkg/sol/runner.go:113.85,114.19 1 0
apigear/pkg/sol/runner.go:117.5,117.18 1 0
apigear/pkg/sol/runner.go:120.5,121.15 2 0
apigear/pkg/sol/runner.go:114.19,116.6 1 0
apigear/pkg/sol/runner.go:117.18,119.6 1 0
apigear/pkg/sol/runner.go:123.18,125.5 1 0
apigear/pkg/sol/runner.go:126.9,128.4 1 0
apigear/pkg/sol/runner.go:133.70,138.2 1 0
apigear/pkg/sim/scriptengine.go:22.38,27.2 2 0
apigear/pkg/sim/scriptengine.go:29.49,32.16 3 0
apigear/pkg/sim/scriptengine.go:36.2,37.12 2 0
apigear/pkg/sim/scriptengine.go:32.16,35.3 2 0
apigear/pkg/sim/scriptengine.go:40.51,43.16 3 0
apigear/pkg/sim/scriptengine.go:43.16,45.3 1 0
apigear/pkg/config/init.go:16.19,18.22 2 0
apigear/pkg/config/init.go:33.2,33.45 1 0
apigear/pkg/config/init.go:37.2,39.28 3 0
apigear/pkg/config/init.go:18.22,21.3 1 0
apigear/pkg/config/init.go:21.8,30.3 5 0
apigear/pkg/config/init.go:33.45,35.3 1 0
apigear/cmd/tools/root.go:7.38,13.55 1 0
apigear/cmd/tools/root.go:17.2,21.12 5 0
apigear/cmd/tools/root.go:13.55,15.4 1 0
apigear/cmd/tools/root.go:24.14,25.2 0 1
apigear/pkg/tpl/get.go:13.50,17.16 3 0
apigear/pkg/tpl/get.go:20.2,22.16 3 0
apigear/pkg/tpl/get.go:25.2,25.12 1 0
apigear/pkg/tpl/get.go:17.16,19.3 1 0
apigear/pkg/tpl/get.go:22.16,24.3 1 0
apigear/pkg/tpl/get.go:29.47,30.15 1 0
apigear/pkg/tpl/get.go:33.2,35.16 3 0
apigear/pkg/tpl/get.go:39.2,42.16 4 0
apigear/pkg/tpl/get.go:46.2,46.12 1 0
apigear/pkg/tpl/get.go:30.15,32.3 1 0
apigear/pkg/tpl/get.go:35.16,38.3 2 0
apigear/pkg/tpl/get.go:42.16,45.3 2 0
apigear/pkg/tpl/get.go:49.30,52.2 2 0
apigear/pkg/tpl/get.go:54.30,57.2 2 0
apigear/pkg/sim/reader.go:13.54,14.28 1 0
apigear/pkg/sim/reader.go:15.15,16.32 1 0
apigear/pkg/sim/reader.go:17.15,18.32 1 0
apigear/pkg/sim/reader.go:19.10,20.73 1 0
apigear/pkg/sim/reader.go:24.58,27.16 3 0
apigear/pkg/sim/reader.go:31.2,32.16 2 0
apigear/pkg/sim/reader.go:36.2,36.22 1 0
apigear/pkg/sim/reader.go:27.16,30.3 2 0
apigear/pkg/sim/reader.go:32.16,35.3 2 0
apigear/pkg/sim/reader.go:39.58,42.16 3 0
apigear/pkg/sim/reader.go:46.2,47.16 2 0
apigear/pkg/sim/reader.go:51.2,51.22 1 0
apigear/pkg/sim/reader.go:42.16,45.3 2 0
apigear/pkg/sim/reader.go:47.16,50.3 2 0
apigear/pkg/sol/reader.go:10.61,12.16 2 0
apigear/pkg/sol/reader.go:15.2,17.16 3 0
apigear/pkg/sol/reader.go:20.2,20.17 1 0
apigear/pkg/sol/reader.go:12.16,14.3 1 0
apigear/pkg/sol/reader.go:17.16,19.3 1 0
apigear/cmd/sim/run.go:13.40,24.55 2 0
apigear/cmd/sim/run.go:48.2,49.12 2 0
apigear/cmd/sim/run.go:24.55,27.22 3 0
apigear/cmd/sim/run.go:36.4,45.24 9 0
apigear/cmd/sim/run.go:27.22,30.19 3 0
apigear/cmd/sim/run.go:33.5,34.19 2 0
apigear/cmd/sim/run.go:30.19,32.6 1 0
apigear/pkg/tpl/remove.go:11.40,18.36 5 0
apigear/pkg/tpl/remove.go:21.2,21.29 1 0
apigear/pkg/tpl/remove.go:18.36,20.3 1 0
apigear/cmd/cfg/info.go:9.34,14.48 1 0
apigear/cmd/cfg/info.go:19.2,19.12 1 0
apigear/cmd/cfg/info.go:14.48,17.4 2 0
apigear/pkg/model/base.go:59.37,61.2 1 0
apigear/pkg/model/base.go:63.40,66.2 2 0
apigear/pkg/model/base.go:68.37,70.2 1 0
apigear/pkg/model/base.go:72.35,74.2 1 0
apigear/pkg/model/base.go:83.47,94.2 1 1
apigear/pkg/model/base.go:96.35,98.2 1 0
apigear/pkg/model/base.go:100.37,102.2 1 1
apigear/pkg/model/base.go:104.40,106.2 1 1
apigear/pkg/model/base.go:108.49,110.2 1 0
apigear/pkg/model/base.go:112.35,114.2 1 0
apigear/pkg/model/base.go:116.35,118.2 1 0
apigear/pkg/model/base.go:135.32,137.2 1 0
apigear/pkg/model/base.go:140.52,142.2 1 0
apigear/pkg/model/base.go:144.46,145.18 1 0
apigear/pkg/model/base.go:148.2,149.16 2 0
apigear/pkg/model/base.go:160.2,163.12 4 0
apigear/pkg/model/base.go:145.18,147.3 1 0
apigear/pkg/model/base.go:150.10,152.21 2 0
apigear/pkg/model/base.go:153.40,155.21 2 0
apigear/pkg/model/base.go:156.10,158.20 2 0
apigear/pkg/model/base.go:166.34,167.18 1 0
apigear/pkg/model/base.go:170.2,170.16 1 0
apigear/pkg/model/base.go:167.18,169.3 1 0
apigear/pkg/model/base.go:170.16,172.16 2 0
apigear/pkg/model/base.go:177.3,178.16 2 0
apigear/pkg/model/base.go:183.3,184.16 2 0
apigear/pkg/model/base.go:189.3,189.41 1 0
apigear/pkg/model/base.go:172.16,176.4 3 0
apigear/pkg/model/base.go:178.16,182.4 3 0
apigear/pkg/model/base.go:184.16,188.4 3 0
apigear/pkg/model/base.go:193.32,194.18 1 0
apigear/pkg/model/base.go:197.2,198.19 2 0
apigear/pkg/model/base.go:211.2,211.29 1 0
apigear/pkg/model/base.go:194.18,196.3 1 0
apigear/pkg/model/base.go:198.19,200.3 1 0
apigear/pkg/model/base.go:200.8,200.23 1 0
apigear/pkg/model/base.go:200.23,201.22 1 0
apigear/pkg/model/base.go:201.22,203.4 1 0
apigear/pkg/model/base.go:203.9,203.26 1 0
apigear/pkg/model/base.go:203.26,205.4 1 0
apigear/pkg/model/base.go:205.9,205.24 1 0
apigear/pkg/model/base.go:205.24,207.4 1 0
apigear/pkg/model/base.go:208.8,210.3 1 0
apigear/pkg/model/base.go:214.34,218.2 2 0
apigear/pkg/model/base.go:220.38,223.2 2 0
apigear/pkg/model/base.go:225.44,228.2 2 0
apigear/pkg/model/base.go:230.32,232.2 1 0
apigear/pkg/model/base.go:234.34,236.2 1 0
apigear/pkg/model/base.go:238.37,240.2 1 0
apigear/cmd/tpl/search.go:9.40,16.48 1 0
apigear/cmd/tpl/search.go:20.2,20.12 1 0
apigear/cmd/tpl/search.go:16.48,18.4 1 0
apigear/cmd/tools/yaml2json.go:12.43,20.48 1 0
apigear/cmd/tools/yaml2json.go:49.2,49.12 1 0
apigear/cmd/tools/yaml2json.go:20.48,23.18 3 0
apigear/cmd/tools/yaml2json.go:26.4,26.33 1 0
apigear/cmd/tools/yaml2json.go:23.18,25.5 1 0
apigear/cmd/tools/yaml2json.go:26.33,28.40 2 0
apigear/cmd/tools/yaml2json.go:31.5,32.19 2 0
apigear/cmd/tools/yaml2json.go:35.5,37.19 3 0
apigear/cmd/tools/yaml2json.go:41.5,43.19 3 0
apigear/cmd/tools/yaml2json.go:28.40,30.6 1 0
apigear/cmd/tools/yaml2json.go:32.19,34.6 1 0
apigear/cmd/tools/yaml2json.go:37.19,39.6 1 0
apigear/cmd/tools/yaml2json.go:43.19,45.6 1 0
apigear/cmd/choice.go:10.52,15.2 1 0
apigear/cmd/choice.go:17.33,19.2 1 0
apigear/cmd/choice.go:22.42,23.23 1 0
apigear/cmd/choice.go:26.2,27.12 2 0
apigear/cmd/choice.go:23.23,25.3 1 0
apigear/cmd/choice.go:31.45,32.30 1 0
apigear/cmd/choice.go:37.2,37.14 1 0
apigear/cmd/choice.go:32.30,33.17 1 0
apigear/cmd/choice.go:33.17,35.4 1 0
apigear/cmd/choice.go:41.32,43.2 1 0
apigear/pkg/mon/reader.go:13.59,16.16 2 0
apigear/pkg/mon/reader.go:20.2,22.21 3 0
apigear/pkg/mon/reader.go:34.2,34.38 1 0
apigear/pkg/mon/reader.go:38.2,39.12 2 0
apigear/pkg/mon/reader.go:16.16,19.3 2 0
apigear/pkg/mon/reader.go:22.21,28.17 5 0
apigear/pkg/mon/reader.go:32.3,32.19 1 0
apigear/pkg/mon/reader.go:28.17,30.12 2 0
apigear/pkg/mon/reader.go:34.38,37.3 2 0
apigear/pkg/sim/simu.go:18.34,22.2 1 0
apigear/pkg/sim/simu.go:24.57,25.21 1 0
apigear/pkg/sim/simu.go:25.21,28.3 2 0
apigear/pkg/sim/simu.go:31.50,33.2 1 0
apigear/pkg/sim/simu.go:35.34,37.2 1 0
apigear/pkg/sim/simu.go:39.84,42.18 3 0
apigear/pkg/sim/simu.go:45.2,45.34 1 0
apigear/pkg/sim/simu.go:50.2,50.12 1 0
apigear/pkg/sim/simu.go:42.18,44.3 1 0
apigear/pkg/sim/simu.go:45.34,46.27 1 0
apigear/pkg/sim/simu.go:46.27,48.4 1 0
apigear/pkg/sim/simu.go:53.71,55.39 2 0
apigear/pkg/sim/simu.go:62.2,62.12 1 0
apigear/pkg/sim/simu.go:55.39,56.45 1 0
apigear/pkg/sim/simu.go:56.45,57.31 1 0
apigear/pkg/sim/simu.go:57.31,59.5 1 0
apigear/pkg/sim/simu.go:65.92,68.18 3 0
apigear/pkg/sim/simu.go:71.2,71.34 1 0
apigear/pkg/sim/simu.go:76.2,76.12 1 0
apigear/pkg/sim/simu.go:68.18,70.3 1 0
apigear/pkg/sim/simu.go:71.34,72.23 1 0
apigear/pkg/sim/simu.go:72.23,74.4 1 0
apigear/pkg/model/struct.go:8.37,16.2 1 1
apigear/pkg/model/struct.go:18.46,19.29 1 0
apigear/pkg/model/struct.go:25.2,25.12 1 0
apigear/pkg/model/struct.go:19.29,21.17 2 0
apigear/pkg/model/struct.go:21.17,23.4 1 0
apigear/pkg/gen/filters/filtercpp/cpp_default.go:11.51,14.11 3 1
apigear/pkg/gen/filters/filtercpp/cpp_default.go:40.2,40.20 1 1
apigear/pkg/gen/filters/filtercpp/cpp_default.go:44.2,44.13 1 1
apigear/pkg/gen/filters/filtercpp/cpp_default.go:15.16,16.25 1 1
apigear/pkg/gen/filters/filtercpp/cpp_default.go:17.13,18.13 1 1
apigear/pkg/gen/filters/filtercpp/cpp_default.go:19.15,20.15 1 1
apigear/pkg/gen/filters/filtercpp/cpp_default.go:21.14,22.17 1 1
apigear/pkg/gen/filters/filtercpp/cpp_default.go:23.10,24.27 1 1
apigear/pkg/gen/filters/filtercpp/cpp_default.go:27.3,28.15 2 1
apigear/pkg/gen/filters/filtercpp/cpp_default.go:31.3,32.15 2 1
apigear/pkg/gen/filters/filtercpp/cpp_default.go:35.3,36.15 2 1
apigear/pkg/gen/filters/filtercpp/cpp_default.go:24.27,26.4 1 0
apigear/pkg/gen/filters/filtercpp/cpp_default.go:28.15,30.4 1 1
apigear/pkg/gen/filters/filtercpp/cpp_default.go:32.15,34.4 1 1
apigear/pkg/gen/filters/filtercpp/cpp_default.go:36.15,38.4 1 1
apigear/pkg/gen/filters/filtercpp/cpp_default.go:40.20,43.3 2 1
apigear/pkg/gen/filters/filtercpp/cpp_default.go:48.60,52.2 3 1
apigear/pkg/gen/filters/funcmap.go:10.41,36.2 24 0
apigear/pkg/prj/demos.go:10.41,13.41 2 0
apigear/pkg/prj/demos.go:16.2,16.57 1 0
apigear/pkg/prj/demos.go:13.41,15.3 1 0
apigear/pkg/prj/demos.go:19.43,22.41 2 0
apigear/pkg/prj/demos.go:25.2,26.59 2 0
apigear/pkg/prj/demos.go:22.41,24.3 1 0
apigear/pkg/prj/read.go:10.49,13.38 2 0
apigear/pkg/prj/read.go:17.2,17.64 1 0
apigear/pkg/prj/read.go:21.2,22.16 2 0
apigear/pkg/prj/read.go:26.2,27.32 2 0
apigear/pkg/prj/read.go:37.2,45.21 4 0
apigear/pkg/prj/read.go:13.38,15.3 1 0
apigear/pkg/prj/read.go:17.64,19.3 1 0
apigear/pkg/prj/read.go:22.16,24.3 1 0
apigear/pkg/prj/read.go:27.32,28.20 1 0
apigear/pkg/prj/read.go:31.3,35.5 1 0
apigear/pkg/prj/read.go:28.20,29.12 1 0
apigear/pkg/spec/check.go:19.59,21.16 2 0
apigear/pkg/spec/check.go:24.2,24.67 1 0
apigear/pkg/spec/check.go:30.2,31.16 2 0
apigear/pkg/spec/check.go:34.2,34.29 1 0
apigear/pkg/spec/check.go:21.16,23.3 1 0
apigear/pkg/spec/check.go:24.67,26.17 2 0
apigear/pkg/spec/check.go:26.17,28.4 1 0
apigear/pkg/spec/check.go:31.16,33.3 1 0
apigear/pkg/spec/check.go:37.41,40.16 2 0
apigear/pkg/spec/check.go:43.2,45.21 3 0
apigear/pkg/spec/check.go:54.2,54.38 1 0
apigear/pkg/spec/check.go:57.2,57.12 1 0
apigear/pkg/spec/check.go:40.16,42.3 1 0
apigear/pkg/spec/check.go:45.21,50.17 4 0
apigear/pkg/spec/check.go:50.17,52.4 1 0
apigear/pkg/spec/check.go:54.38,56.3 1 0
apigear/pkg/spec/check.go:60.38,63.16 2 0
apigear/pkg/spec/check.go:66.2,69.16 4 0
apigear/pkg/spec/check.go:72.2,72.12 1 0
apigear/pkg/spec/check.go:63.16,65.3 1 0
apigear/pkg/spec/check.go:69.16,71.3 1 0
apigear/pkg/spec/check.go:75.38,79.16 4 0
apigear/pkg/spec/check.go:82.2,82.23 1 0
apigear/pkg/spec/check.go:79.16,81.3 1 0
apigear/pkg/gen/filters/filtercpp/cpp_return.go:10.50,13.11 3 1
apigear/pkg/gen/filters/filtercpp/cpp_return.go:39.2,39.20 1 1
apigear/pkg/gen/filters/filtercpp/cpp_return.go:42.2,42.13 1 1
apigear/pkg/gen/filters/filtercpp/cpp_return.go:14.16,15.23 1 1
apigear/pkg/gen/filters/filtercpp/cpp_return.go:16.13,17.15 1 1
apigear/pkg/gen/filters/filtercpp/cpp_return.go:18.15,19.18 1 1
apigear/pkg/gen/filters/filtercpp/cpp_return.go:20.14,21.16 1 1
apigear/pkg/gen/filters/filtercpp/cpp_return.go:22.10,23.27 1 1
apigear/pkg/gen/filters/filtercpp/cpp_return.go:26.3,27.15 2 1
apigear/pkg/gen/filters/filtercpp/cpp_return.go:30.3,31.15 2 1
apigear/pkg/gen/filters/filtercpp/cpp_return.go:34.3,35.15 2 1
apigear/pkg/gen/filters/filtercpp/cpp_return.go:23.27,25.4 1 0
apigear/pkg/gen/filters/filtercpp/cpp_return.go:27.15,29.4 1 1
apigear/pkg/gen/filters/filtercpp/cpp_return.go:31.15,33.4 1 1
apigear/pkg/gen/filters/filtercpp/cpp_return.go:35.15,37.4 1 1
apigear/pkg/gen/filters/filtercpp/cpp_return.go:39.20,41.3 1 1
apigear/pkg/gen/filters/filtercpp/cpp_return.go:46.59,48.9 2 1
apigear/pkg/gen/filters/filtercpp/cpp_return.go:51.2,52.32 2 1
apigear/pkg/gen/filters/filtercpp/cpp_return.go:48.9,50.3 1 0
apigear/cmd/tpl/install.go:9.37,19.48 3 0
apigear/cmd/tpl/install.go:28.2,29.12 2 0
apigear/cmd/tpl/install.go:19.48,23.18 4 0
apigear/cmd/tpl/install.go:23.18,25.5 1 0
apigear/cmd/tpl/installed.go:10.38,17.48 1 0
apigear/cmd/tpl/installed.go:29.2,29.12 1 0
apigear/cmd/tpl/installed.go:17.48,19.18 2 0
apigear/cmd/tpl/installed.go:23.4,24.31 2 0
apigear/cmd/tpl/installed.go:19.18,22.5 2 0
apigear/cmd/tpl/installed.go:24.31,26.5 1 0
apigear/pkg/log/logger.go:9.39,10.13 1 0
apigear/pkg/log/logger.go:15.2,16.22 2 0
apigear/pkg/log/logger.go:10.13,12.3 1 0
apigear/pkg/log/logger.go:12.8,14.3 1 0
apigear/pkg/log/logger.go:16.22,18.3 1 0
apigear/pkg/net/monitor.go:16.67,19.18 3 0
apigear/pkg/net/monitor.go:23.2,24.62 2 0
apigear/pkg/net/monitor.go:29.2,31.30 3 0
apigear/pkg/net/monitor.go:34.2,35.22 2 0
apigear/pkg/net/monitor.go:19.18,22.3 2 0
apigear/pkg/net/monitor.go:24.62,28.3 3 0
apigear/pkg/net/monitor.go:31.30,33.3 1 0
apigear/cmd/prj/init.go:12.38,18.48 1 0
apigear/cmd/prj/init.go:30.2,30.12 1 0
apigear/cmd/prj/init.go:18.48,22.18 4 0
apigear/cmd/prj/init.go:26.4,26.57 1 0
apigear/cmd/prj/init.go:22.18,25.5 2 0
apigear/pkg/gen/generator.go:39.107,49.16 4 0
apigear/pkg/gen/generator.go:52.2,52.15 1 0
apigear/pkg/gen/generator.go:49.16,51.3 1 0
apigear/pkg/gen/generator.go:55.54,57.16 2 0
apigear/pkg/gen/generator.go:60.2,61.16 2 0
apigear/pkg/gen/generator.go:64.2,65.12 2 0
apigear/pkg/gen/generator.go:57.16,59.3 1 0
apigear/pkg/gen/generator.go:61.16,63.3 1 0
apigear/pkg/gen/generator.go:68.57,70.81 2 0
apigear/pkg/gen/generator.go:88.2,88.16 1 0
apigear/pkg/gen/generator.go:91.2,91.12 1 0
apigear/pkg/gen/generator.go:70.81,71.17 1 0
apigear/pkg/gen/generator.go:76.3,76.16 1 0
apigear/pkg/gen/generator.go:80.3,80.50 1 0
apigear/pkg/gen/generator.go:83.3,83.55 1 0
apigear/pkg/gen/generator.go:86.3,86.31 1 0
apigear/pkg/gen/generator.go:71.17,74.4 2 0
apigear/pkg/gen/generator.go:76.16,78.4 1 0
apigear/pkg/gen/generator.go:80.50,82.4 1 0
apigear/pkg/gen/generator.go:83.55,85.4 1 0
apigear/pkg/gen/generator.go:88.16,90.3 1 0
apigear/pkg/gen/generator.go:94.48,97.16 3 0
apigear/pkg/gen/generator.go:100.2,102.16 3 0
apigear/pkg/gen/generator.go:105.2,105.33 1 0
apigear/pkg/gen/generator.go:97.16,99.3 1 0
apigear/pkg/gen/generator.go:102.16,104.3 1 0
apigear/pkg/gen/generator.go:109.64,110.21 1 0
apigear/pkg/gen/generator.go:113.2,113.41 1 0
apigear/pkg/gen/generator.go:119.2,119.12 1 0
apigear/pkg/gen/generator.go:110.21,112.3 1 0
apigear/pkg/gen/generator.go:113.41,115.17 2 0
apigear/pkg/gen/generator.go:115.17,117.4 1 0
apigear/pkg/gen/generator.go:123.62,129.16 5 0
apigear/pkg/gen/generator.go:132.2,132.42 1 0
apigear/pkg/gen/generator.go:168.2,168.12 1 0
apigear/pkg/gen/generator.go:129.16,131.3 1 0
apigear/pkg/gen/generator.go:132.42,137.17 4 0
apigear/pkg/gen/generator.go:140.3,140.43 1 0
apigear/pkg/gen/generator.go:149.3,149.42 1 0
apigear/pkg/gen/generator.go:158.3,158.37 1 0
apigear/pkg/gen/generator.go:137.17,139.4 1 0
apigear/pkg/gen/generator.go:140.43,145.18 4 0
apigear/pkg/gen/generator.go:145.18,147.5 1 0
apigear/pkg/gen/generator.go:149.42,154.18 4 0
apigear/pkg/gen/generator.go:154.18,156.5 1 0
apigear/pkg/gen/generator.go:158.37,163.18 4 0
apigear/pkg/gen/generator.go:163.18,165.5 1 0
apigear/pkg/gen/generator.go:172.75,173.38 1 0
apigear/pkg/gen/generator.go:179.2,179.12 1 0
apigear/pkg/gen/generator.go:173.38,175.17 2 0
apigear/pkg/gen/generator.go:175.17,177.4 1 0
apigear/pkg/gen/generator.go:183.79,191.18 5 0
apigear/pkg/gen/generator.go:195.2,196.16 2 0
apigear/pkg/gen/generator.go:201.2,205.16 4 0
apigear/pkg/gen/generator.go:210.2,212.16 3 0
apigear/pkg/gen/generator.go:215.2,215.12 1 0
apigear/pkg/gen/generator.go:191.18,193.3 1 0
apigear/pkg/gen/generator.go:196.16,198.3 1 0
apigear/pkg/gen/generator.go:205.16,208.3 2 0
apigear/pkg/gen/generator.go:212.16,214.3 1 0
apigear/pkg/gen/generator.go:219.73,224.16 5 0
apigear/pkg/gen/generator.go:228.2,229.16 2 0
apigear/pkg/gen/generator.go:233.2,233.26 1 0
apigear/pkg/gen/generator.go:224.16,227.3 2 0
apigear/pkg/gen/generator.go:229.16,232.3 2 0
apigear/cmd/tools/check.go:12.39,19.48 1 0
apigear/cmd/tools/check.go:63.2,63.12 1 0
apigear/cmd/tools/check.go:19.48,22.30 2 0
apigear/cmd/tools/check.go:23.26,25.19 2 0
apigear/cmd/tools/check.go:29.5,29.23 1 0
apigear/cmd/tools/check.go:37.16,39.19 2 0
apigear/cmd/tools/check.go:44.19,46.19 2 0
apigear/cmd/tools/check.go:51.16,53.19 2 0
apigear/cmd/tools/check.go:58.12,59.45 1 0
apigear/cmd/tools/check.go:25.19,27.11 2 0
apigear/cmd/tools/check.go:29.23,31.6 1 0
apigear/cmd/tools/check.go:31.11,33.43 2 0
apigear/cmd/tools/check.go:33.43,35.7 1 0
apigear/cmd/tools/check.go:39.19,41.6 1 0
apigear/cmd/tools/check.go:41.11,43.6 1 0
apigear/cmd/tools/check.go:46.19,48.6 1 0
apigear/cmd/tools/check.go:48.11,50.6 1 0
apigear/cmd/tools/check.go:53.19,55.6 1 0
apigear/cmd/tools/check.go:55.11,57.6 1 0
apigear/pkg/gen/filters/filtercpp/cpp_params.go:10.59,12.9 2 1
apigear/pkg/gen/filters/filtercpp/cpp_params.go:15.2,16.29 2 1
apigear/pkg/gen/filters/filtercpp/cpp_params.go:19.2,19.57 1 1
apigear/pkg/gen/filters/filtercpp/cpp_params.go:12.9,14.3 1 0
apigear/pkg/gen/filters/filtercpp/cpp_params.go:16.29,18.3 1 1
apigear/pkg/config/must.go:3.22,4.16 1 0
apigear/pkg/config/must.go:4.16,5.13 1 0
apigear/cmd/sdk/expert.go:14.22,15.16 1 0
apigear/cmd/sdk/expert.go:15.16,17.3 1 0
apigear/cmd/sdk/expert.go:29.40,37.48 2 0
apigear/cmd/sdk/expert.go:48.2,57.12 10 0
apigear/cmd/sdk/expert.go:37.48,38.21 1 0
apigear/cmd/sdk/expert.go:38.21,40.5 1 0
apigear/cmd/sdk/expert.go:40.10,42.19 2 0
apigear/cmd/sdk/expert.go:42.19,44.6 1 0
apigear/cmd/sdk/expert.go:60.46,76.16 5 0
apigear/cmd/sdk/expert.go:79.2,81.12 3 0
apigear/cmd/sdk/expert.go:76.16,78.3 1 0
apigear/cmd/sdk/expert.go:84.42,86.16 2 0
apigear/cmd/sdk/expert.go:89.2,90.16 2 0
apigear/cmd/sdk/expert.go:93.2,95.12 3 0
apigear/cmd/sdk/expert.go:111.2,111.39 1 0
apigear/cmd/sdk/expert.go:118.2,118.96 1 0
apigear/cmd/sdk/expert.go:130.2,130.16 1 0
apigear/cmd/sdk/expert.go:133.2,133.8 1 0
apigear/cmd/sdk/expert.go:86.16,88.3 1 0
apigear/cmd/sdk/expert.go:90.16,92.3 1 0
apigear/cmd/sdk/expert.go:95.12,96.7 1 0
apigear/cmd/sdk/expert.go:96.7,97.11 1 0
apigear/cmd/sdk/expert.go:98.35,99.50 1 0
apigear/cmd/sdk/expert.go:106.33,107.19 1 0
apigear/cmd/sdk/expert.go:99.50,102.20 3 0
apigear/cmd/sdk/expert.go:102.20,104.7 1 0
apigear/cmd/sdk/expert.go:111.39,113.17 2 0
apigear/cmd/sdk/expert.go:113.17,115.4 1 0
apigear/cmd/sdk/expert.go:118.96,119.17 1 0
apigear/cmd/sdk/expert.go:122.3,122.19 1 0
apigear/cmd/sdk/expert.go:128.3,128.13 1 0
apigear/cmd/sdk/expert.go:119.17,121.4 1 0
apigear/cmd/sdk/expert.go:122.19,124.18 2 0
apigear/cmd/sdk/expert.go:124.18,126.5 1 0
apigear/cmd/sdk/expert.go:130.16,132.3 1 0
apigear/pkg/net/rpc/sender.go:16.56,20.2 1 0
apigear/pkg/net/rpc/sender.go:22.45,26.16 4 0
apigear/pkg/net/rpc/sender.go:29.2,30.12 2 0
apigear/pkg/net/rpc/sender.go:26.16,28.3 1 0
apigear/pkg/net/rpc/sender.go:33.29,35.2 1 0
apigear/pkg/net/rpc/sender.go:37.59,38.31 1 0
apigear/pkg/net/rpc/sender.go:38.31,41.17 3 0
apigear/pkg/net/rpc/sender.go:41.17,43.4 1 0
apigear/pkg/net/rpc/sender.go:47.32,48.15 1 0
apigear/pkg/net/rpc/sender.go:52.2,52.6 1 0
apigear/pkg/net/rpc/sender.go:48.15,51.3 2 0
apigear/pkg/net/rpc/sender.go:52.6,54.17 2 0
apigear/pkg/net/rpc/sender.go:58.3,61.17 4 0
apigear/pkg/net/rpc/sender.go:65.3,67.17 3 0
apigear/pkg/net/rpc/sender.go:54.17,57.4 2 0
apigear/pkg/net/rpc/sender.go:61.17,64.4 2 0
apigear/pkg/net/rpc/sender.go:67.17,70.4 2 0
apigear/cmd/prj/edit.go:12.38,18.48 1 0
apigear/cmd/prj/edit.go:28.2,28.12 1 0
apigear/cmd/prj/edit.go:18.48,22.18 4 0
apigear/cmd/prj/edit.go:22.18,25.5 2 0
apigear/cmd/prj/recent.go:11.40,17.48 1 0
apigear/cmd/prj/recent.go:24.2,24.12 1 0
apigear/cmd/prj/recent.go:17.48,19.50 2 0
apigear/cmd/prj/recent.go:19.50,21.5 1 0
apigear/cmd/tools/doc.go:11.38,18.48 2 0
apigear/cmd/tools/doc.go:40.2,41.12 2 0
apigear/cmd/tools/doc.go:18.48,20.21 2 0
apigear/cmd/tools/doc.go:23.4,23.13 1 0
apigear/cmd/tools/doc.go:29.4,29.50 1 0
apigear/cmd/tools/doc.go:33.4,35.18 3 0
apigear/cmd/tools/doc.go:20.21,22.5 1 0
apigear/cmd/tools/doc.go:23.13,25.19 2 0
apigear/cmd/tools/doc.go:25.19,27.6 1 0
apigear/cmd/tools/doc.go:29.50,32.5 2 0
apigear/cmd/tools/doc.go:35.18,37.5 1 0
apigear/pkg/sim/symbols.go:12.33,14.2 1 0
apigear/pkg/sim/symbols.go:19.42,21.21 2 0
apigear/pkg/sim/symbols.go:24.2,24.27 1 0
apigear/pkg/sim/symbols.go:21.21,23.3 1 0
apigear/pkg/sim/symbols.go:28.35,31.2 2 0
apigear/pkg/sim/symbols.go:34.31,37.2 2 0
apigear/pkg/sim/symbols.go:40.47,41.20 1 0
apigear/pkg/sim/symbols.go:44.2,44.53 1 0
apigear/pkg/sim/symbols.go:41.20,43.3 1 0
apigear/pkg/net/simu.go:14.62,19.2 2 0
apigear/pkg/net/simu.go:21.63,25.18 3 0
apigear/pkg/net/simu.go:35.2,35.12 1 0
apigear/pkg/net/simu.go:26.19,31.17 5 0
apigear/pkg/net/simu.go:31.17,33.4 1 0
apigear/cmd/mon/feed.go:11.40,22.48 3 0
apigear/cmd/mon/feed.go:62.2,64.12 2 0
apigear/cmd/mon/feed.go:22.48,25.40 3 0
apigear/cmd/mon/feed.go:26.28,29.49 3 0
apigear/cmd/mon/feed.go:35.5,35.31 1 0
apigear/cmd/mon/feed.go:36.15,39.53 3 0
apigear/cmd/mon/feed.go:46.5,46.31 1 0
apigear/cmd/mon/feed.go:47.16,50.49 3 0
apigear/cmd/mon/feed.go:56.5,56.31 1 0
apigear/cmd/mon/feed.go:57.12,58.53 1 0
apigear/cmd/mon/feed.go:29.49,31.20 2 0
apigear/cmd/mon/feed.go:31.20,33.7 1 0
apigear/cmd/mon/feed.go:39.53,42.20 3 0
apigear/cmd/mon/feed.go:42.20,44.7 1 0
apigear/cmd/mon/feed.go:50.49,52.20 2 0
apigear/cmd/mon/feed.go:52.20,54.7 1 0
apigear/pkg/model/system.go:10.37,18.2 1 1
apigear/pkg/model/system.go:20.51,21.30 1 1
apigear/pkg/model/system.go:26.2,26.12 1 0
apigear/pkg/model/system.go:21.30,22.21 1 1
apigear/pkg/model/system.go:22.21,24.4 1 1
apigear/pkg/model/system.go:29.81,31.14 2 1
apigear/pkg/model/system.go:34.2,34.37 1 1
apigear/pkg/model/system.go:31.14,33.3 1 0
apigear/pkg/model/system.go:37.76,39.14 2 0
apigear/pkg/model/system.go:42.2,42.35 1 0
apigear/pkg/model/system.go:39.14,41.3 1 0
apigear/pkg/model/system.go:45.70,47.14 2 0
apigear/pkg/model/system.go:50.2,50.31 1 0
apigear/pkg/model/system.go:47.14,49.3 1 0
apigear/pkg/model/system.go:53.97,55.14 2 1
apigear/pkg/model/system.go:58.2,58.35 1 1
apigear/pkg/model/system.go:55.14,57.3 1 0
apigear/pkg/model/system.go:61.94,63.14 2 1
apigear/pkg/model/system.go:66.2,66.35 1 1
apigear/pkg/model/system.go:63.14,65.3 1 0
apigear/pkg/model/system.go:69.93,71.14 2 0
apigear/pkg/model/system.go:74.2,74.34 1 0
apigear/pkg/model/system.go:71.14,73.3 1 0
apigear/pkg/model/system.go:77.37,79.30 2 0
apigear/pkg/model/system.go:85.2,85.12 1 0
apigear/pkg/model/system.go:79.30,81.17 2 0
apigear/pkg/model/system.go:81.17,83.4 1 0
apigear/pkg/gen/filters/filtergo/go_param.go:9.77,11.20 2 0
apigear/pkg/gen/filters/filtergo/go_param.go:16.2,16.11 1 0
apigear/pkg/gen/filters/filtergo/go_param.go:26.2,27.14 2 0
apigear/pkg/gen/filters/filtergo/go_param.go:30.2,31.14 2 0
apigear/pkg/gen/filters/filtergo/go_param.go:34.2,35.14 2 0
apigear/pkg/gen/filters/filtergo/go_param.go:38.2,39.14 2 0
apigear/pkg/gen/filters/filtergo/go_param.go:11.20,15.3 3 0
apigear/pkg/gen/filters/filtergo/go_param.go:17.16,18.40 1 0
apigear/pkg/gen/filters/filtergo/go_param.go:19.13,20.37 1 0
apigear/pkg/gen/filters/filtergo/go_param.go:21.15,22.41 1 0
apigear/pkg/gen/filters/filtergo/go_param.go:23.14,24.38 1 0
apigear/pkg/gen/filters/filtergo/go_param.go:27.14,29.3 1 0
apigear/pkg/gen/filters/filtergo/go_param.go:31.14,33.3 1 0
apigear/pkg/gen/filters/filtergo/go_param.go:35.14,37.3 1 0
apigear/pkg/gen/filters/filtergo/go_param.go:42.59,43.17 1 0
apigear/pkg/gen/filters/filtergo/go_param.go:47.2,47.60 1 0
apigear/pkg/gen/filters/filtergo/go_param.go:43.17,46.3 2 0
apigear/pkg/gen/writer.go:16.78,17.51 1 0
apigear/pkg/gen/writer.go:20.2,21.16 2 0
apigear/pkg/gen/writer.go:24.2,24.58 1 0
apigear/pkg/gen/writer.go:17.51,19.3 1 0
apigear/pkg/gen/writer.go:21.16,23.3 1 0
apigear/pkg/gen/writer.go:27.73,29.12 2 0
apigear/pkg/gen/writer.go:40.2,43.16 4 0
apigear/pkg/gen/writer.go:46.2,46.46 1 0
apigear/pkg/gen/writer.go:29.12,31.17 2 0
apigear/pkg/gen/writer.go:35.3,35.11 1 0
apigear/pkg/gen/writer.go:31.17,33.4 1 0
apigear/pkg/gen/writer.go:35.11,38.4 2 0
apigear/pkg/gen/writer.go:43.16,45.3 1 0
apigear/pkg/gen/writer.go:50.50,52.2 1 0
apigear/cmd/tpl/root.go:7.38,13.55 1 0
apigear/cmd/tpl/root.go:17.2,23.12 7 0
apigear/cmd/tpl/root.go:13.55,15.4 1 0
apigear/cmd/mon/run.go:13.40,24.55 2 0
apigear/cmd/mon/run.go:45.2,46.12 2 0
apigear/cmd/mon/run.go:24.55,26.14 2 0
apigear/cmd/mon/run.go:35.4,39.18 5 0
apigear/cmd/mon/run.go:42.4,42.14 1 0
apigear/cmd/mon/run.go:26.14,27.38 1 0
apigear/cmd/mon/run.go:27.38,29.20 2 0
apigear/cmd/mon/run.go:32.6,32.121 1 0
apigear/cmd/mon/run.go:29.20,31.7 1 0
apigear/cmd/mon/run.go:39.18,41.5 1 0
apigear/main.go:8.13,9.20 1 0
apigear/main.go:9.20,11.3 1 0
apigear/cmd/cfg/root.go:7.38,14.55 1 0
apigear/cmd/cfg/root.go:18.2,20.12 3 0
apigear/cmd/cfg/root.go:14.55,16.4 1 0
apigear/cmd/cfg/root.go:23.14,24.2 0 1
apigear/pkg/net/rpc/message.go:9.22,12.2 2 0
apigear/pkg/net/rpc/message.go:45.49,50.2 1 0
apigear/pkg/net/rpc/message.go:52.64,59.2 1 0
apigear/pkg/net/rpc/message.go:61.66,67.2 1 0
apigear/pkg/net/rpc/message.go:69.51,75.2 1 0
apigear/pkg/model/parser.go:16.51,18.16 2 0
apigear/pkg/model/parser.go:21.2,21.28 1 0
apigear/pkg/model/parser.go:18.16,20.3 1 0
apigear/pkg/model/parser.go:22.15,23.27 1 0
apigear/pkg/model/parser.go:24.23,25.27 1 0
apigear/pkg/model/parser.go:26.10,27.69 1 0
apigear/pkg/model/parser.go:31.51,34.16 3 0
apigear/pkg/model/parser.go:37.2,38.12 2 0
apigear/pkg/model/parser.go:34.16,36.3 1 0
apigear/pkg/model/parser.go:41.51,44.16 3 0
apigear/pkg/model/parser.go:47.2,48.12 2 0
apigear/pkg/model/parser.go:44.16,46.3 1 0
apigear/pkg/model/parser.go:51.55,53.2 1 0
apigear/pkg/model/parser.go:55.43,59.2 1 0
apigear/pkg/spec/rules.go:37.67,38.33 1 0
apigear/pkg/spec/rules.go:43.2,43.20 1 0
apigear/pkg/spec/rules.go:38.33,39.27 1 0
apigear/pkg/spec/rules.go:39.27,41.4 1 0
apigear/pkg/gen/filters/filtercpp/cpp_param.go:10.62,12.20 2 1
apigear/pkg/gen/filters/filtercpp/cpp_param.go:17.2,17.11 1 1
apigear/pkg/gen/filters/filtercpp/cpp_param.go:27.2,28.14 2 1
apigear/pkg/gen/filters/filtercpp/cpp_param.go:31.2,32.14 2 1
apigear/pkg/gen/filters/filtercpp/cpp_param.go:35.2,36.14 2 1
apigear/pkg/gen/filters/filtercpp/cpp_param.go:39.2,40.14 2 0
apigear/pkg/gen/filters/filtercpp/cpp_param.go:12.20,16.3 3 1
apigear/pkg/gen/filters/filtercpp/cpp_param.go:18.16,19.52 1 1
apigear/pkg/gen/filters/filtercpp/cpp_param.go:20.13,21.37 1 1
apigear/pkg/gen/filters/filtercpp/cpp_param.go:22.15,23.40 1 1
apigear/pkg/gen/filters/filtercpp/cpp_param.go:24.14,25.38 1 1
apigear/pkg/gen/filters/filtercpp/cpp_param.go:28.14,30.3 1 1
apigear/pkg/gen/filters/filtercpp/cpp_param.go:32.14,34.3 1 1
apigear/pkg/gen/filters/filtercpp/cpp_param.go:36.14,38.3 1 1
apigear/pkg/gen/filters/filtercpp/cpp_param.go:43.58,47.2 3 1
apigear/pkg/mon/csv.go:13.58,17.16 3 0
apigear/pkg/mon/csv.go:21.2,31.16 5 0
apigear/pkg/mon/csv.go:36.2,36.31 1 0
apigear/pkg/mon/csv.go:54.2,55.12 2 0
apigear/pkg/mon/csv.go:17.16,20.3 2 0
apigear/pkg/mon/csv.go:31.16,33.3 1 0
apigear/pkg/mon/csv.go:36.31,39.23 2 0
apigear/pkg/mon/csv.go:47.3,52.18 2 0
apigear/pkg/mon/csv.go:39.23,41.18 2 0
apigear/pkg/mon/csv.go:41.18,43.13 2 0
apigear/pkg/config/config.go:9.36,11.2 1 0
apigear/pkg/config/config.go:13.39,16.27 2 0
apigear/pkg/config/config.go:22.2,24.16 3 0
apigear/pkg/config/config.go:16.27,17.16 1 0
apigear/pkg/config/config.go:17.16,20.4 2 0
apigear/pkg/config/config.go:24.16,26.3 1 0
apigear/pkg/config/config.go:29.33,31.27 2 0
apigear/pkg/config/config.go:37.2,39.16 3 0
apigear/pkg/config/config.go:31.27,32.13 1 0
apigear/pkg/config/config.go:32.13,34.9 2 0
apigear/pkg/config/config.go:39.16,41.3 1 0
apigear/pkg/prj/project.go:13.54,16.43 2 0
apigear/pkg/prj/project.go:20.2,20.69 1 0
apigear/pkg/prj/project.go:24.2,24.28 1 0
apigear/pkg/prj/project.go:16.43,18.3 1 0
apigear/pkg/prj/project.go:20.69,22.3 1 0
apigear/pkg/prj/project.go:27.35,29.2 1 0
apigear/pkg/prj/project.go:32.49,35.46 2 0
apigear/pkg/prj/project.go:42.2,42.68 1 0
apigear/pkg/prj/project.go:48.2,48.89 1 0
apigear/pkg/prj/project.go:51.2,51.93 1 0
apigear/pkg/prj/project.go:54.2,54.23 1 0
apigear/pkg/prj/project.go:35.46,37.17 2 0
apigear/pkg/prj/project.go:37.17,39.4 1 0
apigear/pkg/prj/project.go:42.68,43.23 1 0
apigear/pkg/prj/project.go:43.23,45.4 1 0
apigear/pkg/prj/project.go:48.89,50.3 1 0
apigear/pkg/prj/project.go:51.93,53.3 1 0
apigear/pkg/prj/project.go:57.52,59.2 1 0
apigear/pkg/prj/project.go:61.41,63.48 2 0
apigear/pkg/prj/project.go:72.2,72.14 1 0
apigear/pkg/prj/project.go:63.48,65.17 2 0
apigear/pkg/prj/project.go:70.3,70.30 1 0
apigear/pkg/prj/project.go:65.17,68.12 3 0
apigear/pkg/prj/project.go:75.33,77.16 2 0
apigear/pkg/prj/project.go:80.2,81.18 2 0
apigear/pkg/prj/project.go:77.16,79.3 1 0
apigear/pkg/prj/project.go:84.33,86.16 2 0
apigear/pkg/prj/project.go:89.2,90.18 2 0
apigear/pkg/prj/project.go:86.16,88.3 1 0
apigear/pkg/prj/project.go:93.71,96.43 2 0
apigear/pkg/prj/project.go:100.2,100.69 1 0
apigear/pkg/prj/project.go:104.2,104.51 1 0
apigear/pkg/prj/project.go:108.2,108.69 1 0
apigear/pkg/prj/project.go:112.2,112.50 1 0
apigear/pkg/prj/project.go:115.2,115.28 1 0
apigear/pkg/prj/project.go:96.43,98.3 1 0
apigear/pkg/prj/project.go:100.69,102.3 1 0
apigear/pkg/prj/project.go:104.51,106.3 1 0
apigear/pkg/prj/project.go:108.69,110.3 1 0
apigear/pkg/prj/project.go:112.50,114.3 1 0
apigear/pkg/prj/project.go:118.64,121.51 2 0
apigear/pkg/prj/project.go:125.2,125.69 1 0
apigear/pkg/prj/project.go:129.2,129.54 1 0
apigear/pkg/prj/project.go:132.2,132.20 1 0
apigear/pkg/prj/project.go:121.51,123.3 1 0
apigear/pkg/prj/project.go:125.69,127.3 1 0
apigear/pkg/prj/project.go:129.54,131.3 1 0
apigear/cmd/prj/share.go:10.39,16.48 1 0
apigear/cmd/prj/share.go:21.2,21.12 1 0
apigear/cmd/prj/share.go:16.48,19.4 2 0
apigear/cmd/tpl/info.go:9.38,14.48 1 0
apigear/cmd/tpl/info.go:18.2,18.12 1 0
apigear/cmd/tpl/info.go:14.48,16.4 1 0
apigear/pkg/mon/script.go:15.22,16.16 1 0
apigear/pkg/mon/script.go:16.16,17.13 1 0
apigear/pkg/mon/script.go:26.55,33.2 6 0
apigear/pkg/mon/script.go:35.60,37.16 2 0
apigear/pkg/mon/script.go:40.2,40.37 1 0
apigear/pkg/mon/script.go:37.16,39.3 1 0
apigear/pkg/mon/script.go:43.54,45.15 2 0
apigear/pkg/mon/script.go:48.2,48.16 1 0
apigear/pkg/mon/script.go:51.2,52.16 2 0
apigear/pkg/mon/script.go:55.2,55.12 1 0
apigear/pkg/mon/script.go:45.15,47.3 1 0
apigear/pkg/mon/script.go:48.16,50.3 1 0
apigear/pkg/mon/script.go:52.16,54.3 1 0
apigear/pkg/mon/script.go:58.30,63.2 4 0
apigear/pkg/mon/script.go:65.59,76.2 3 0
apigear/pkg/mon/script.go:78.61,89.2 3 0
apigear/pkg/mon/script.go:91.58,102.2 3 0
apigear/pkg/mon/script.go:104.45,106.2 1 0
apigear/pkg/idl/parser/objectapi_lexer.go:38.32,150.48 14 1
apigear/pkg/idl/parser/objectapi_lexer.go:150.48,152.3 1 1
apigear/pkg/idl/parser/objectapi_lexer.go:159.27,162.2 2 1
apigear/pkg/idl/parser/objectapi_lexer.go:165.64,180.2 12 1
apigear/pkg/idl/parser/objectapi_parser.go:33.28,130.48 12 1
apigear/pkg/idl/parser/objectapi_parser.go:130.48,132.3 1 1
apigear/pkg/idl/parser/objectapi_parser.go:139.28,142.2 2 1
apigear/pkg/idl/parser/objectapi_parser.go:145.67,157.2 10 1
apigear/pkg/idl/parser/objectapi_parser.go:229.57,234.2 4 0
apigear/pkg/idl/parser/objectapi_parser.go:236.54,236.55 0 0
apigear/pkg/idl/parser/objectapi_parser.go:238.122,247.2 5 1
apigear/pkg/idl/parser/objectapi_parser.go:249.56,249.75 1 0
apigear/pkg/idl/parser/objectapi_parser.go:251.63,253.38 2 0
apigear/pkg/idl/parser/objectapi_parser.go:260.2,260.14 1 0
apigear/pkg/idl/parser/objectapi_parser.go:264.2,264.31 1 0
apigear/pkg/idl/parser/objectapi_parser.go:253.38,254.44 1 0
apigear/pkg/idl/parser/objectapi_parser.go:254.44,256.9 2 0
apigear/pkg/idl/parser/objectapi_parser.go:260.14,262.3 1 0
apigear/pkg/idl/parser/objectapi_parser.go:267.80,270.31 3 0
apigear/pkg/idl/parser/objectapi_parser.go:276.2,278.31 3 0
apigear/pkg/idl/parser/objectapi_parser.go:285.2,285.12 1 0
apigear/pkg/idl/parser/objectapi_parser.go:270.31,271.50 1 0
apigear/pkg/idl/parser/objectapi_parser.go:271.50,273.4 1 0
apigear/pkg/idl/parser/objectapi_parser.go:278.31,279.50 1 0
apigear/pkg/idl/parser/objectapi_parser.go:279.50,282.4 2 0
apigear/pkg/idl/parser/objectapi_parser.go:288.80,291.38 3 0
apigear/pkg/idl/parser/objectapi_parser.go:301.2,301.14 1 0
apigear/pkg/idl/parser/objectapi_parser.go:305.2,305.37 1 0
apigear/pkg/idl/parser/objectapi_parser.go:291.38,292.50 1 0
apigear/pkg/idl/parser/objectapi_parser.go:292.50,293.14 1 0
apigear/pkg/idl/parser/objectapi_parser.go:297.4,297.7 1 0
apigear/pkg/idl/parser/objectapi_parser.go:293.14,295.10 2 0
apigear/pkg/idl/parser/objectapi_parser.go:301.14,303.3 1 0
apigear/pkg/idl/parser/objectapi_parser.go:308.66,310.2 1 1
apigear/pkg/idl/parser/objectapi_parser.go:312.95,314.2 1 0
apigear/pkg/idl/parser/objectapi_parser.go:316.75,317.55 1 1
apigear/pkg/idl/parser/objectapi_parser.go:317.55,319.3 1 1
apigear/pkg/idl/parser/objectapi_parser.go:322.74,323.55 1 1
apigear/pkg/idl/parser/objectapi_parser.go:323.55,325.3 1 1
apigear/pkg/idl/parser/objectapi_parser.go:328.74,336.15 6 1
apigear/pkg/idl/parser/objectapi_parser.go:340.2,340.15 1 1
apigear/pkg/idl/parser/objectapi_parser.go:352.2,353.2 2 1
apigear/pkg/idl/parser/objectapi_parser.go:357.2,361.133 4 1
apigear/pkg/idl/parser/objectapi_parser.go:372.2,372.17 1 1
apigear/pkg/idl/parser/objectapi_parser.go:336.15,338.3 1 1
apigear/pkg/idl/parser/objectapi_parser.go:340.15,341.35 1 1
apigear/pkg/idl/parser/objectapi_parser.go:341.35,342.53 1 0
apigear/pkg/idl/parser/objectapi_parser.go:342.53,346.5 3 0
apigear/pkg/idl/parser/objectapi_parser.go:346.10,347.15 1 0
apigear/pkg/idl/parser/objectapi_parser.go:353.2,356.3 2 1
apigear/pkg/idl/parser/objectapi_parser.go:361.133,362.3 1 1
apigear/pkg/idl/parser/objectapi_parser.go:367.3,369.33 3 1
apigear/pkg/idl/parser/objectapi_parser.go:362.3,365.4 2 1
apigear/pkg/idl/parser/objectapi_parser.go:391.53,396.2 4 0
apigear/pkg/idl/parser/objectapi_parser.go:398.50,398.51 0 0
apigear/pkg/idl/parser/objectapi_parser.go:400.118,409.2 5 1
apigear/pkg/idl/parser/objectapi_parser.go:411.54,411.73 1 0
apigear/pkg/idl/parser/objectapi_parser.go:413.61,415.38 2 0
apigear/pkg/idl/parser/objectapi_parser.go:422.2,422.14 1 0
apigear/pkg/idl/parser/objectapi_parser.go:426.2,426.31 1 0
apigear/pkg/idl/parser/objectapi_parser.go:415.38,416.44 1 0
apigear/pkg/idl/parser/objectapi_parser.go:416.44,418.9 2 0
apigear/pkg/idl/parser/objectapi_parser.go:422.14,424.3 1 0
apigear/pkg/idl/parser/objectapi_parser.go:429.66,432.31 3 0
apigear/pkg/idl/parser/objectapi_parser.go:438.2,440.31 3 0
apigear/pkg/idl/parser/objectapi_parser.go:447.2,447.12 1 0
apigear/pkg/idl/parser/objectapi_parser.go:432.31,433.44 1 0
apigear/pkg/idl/parser/objectapi_parser.go:433.44,435.4 1 0
apigear/pkg/idl/parser/objectapi_parser.go:440.31,441.44 1 0
apigear/pkg/idl/parser/objectapi_parser.go:441.44,444.4 2 0
apigear/pkg/idl/parser/objectapi_parser.go:450.66,453.38 3 0
apigear/pkg/idl/parser/objectapi_parser.go:463.2,463.14 1 0
apigear/pkg/idl/parser/objectapi_parser.go:467.2,467.31 1 0
apigear/pkg/idl/parser/objectapi_parser.go:453.38,454.44 1 0
apigear/pkg/idl/parser/objectapi_parser.go:454.44,455.14 1 0
apigear/pkg/idl/parser/objectapi_parser.go:459.4,459.7 1 0
apigear/pkg/idl/parser/objectapi_parser.go:455.14,457.10 2 0
apigear/pkg/idl/parser/objectapi_parser.go:463.14,465.3 1 0
apigear/pkg/idl/parser/objectapi_parser.go:470.64,472.2 1 1
apigear/pkg/idl/parser/objectapi_parser.go:474.93,476.2 1 0
apigear/pkg/idl/parser/objectapi_parser.go:478.73,479.55 1 1
apigear/pkg/idl/parser/objectapi_parser.go:479.55,481.3 1 1
apigear/pkg/idl/parser/objectapi_parser.go:484.72,485.55 1 1
apigear/pkg/idl/parser/objectapi_parser.go:485.55,487.3 1 1
apigear/pkg/idl/parser/objectapi_parser.go:490.70,498.15 6 1
apigear/pkg/idl/parser/objectapi_parser.go:502.2,502.15 1 1
apigear/pkg/idl/parser/objectapi_parser.go:514.2,515.2 2 1
apigear/pkg/idl/parser/objectapi_parser.go:519.2,523.33 4 1
apigear/pkg/idl/parser/objectapi_parser.go:534.2,534.17 1 1
apigear/pkg/idl/parser/objectapi_parser.go:498.15,500.3 1 1
apigear/pkg/idl/parser/objectapi_parser.go:502.15,503.35 1 1
apigear/pkg/idl/parser/objectapi_parser.go:503.35,504.53 1 0
apigear/pkg/idl/parser/objectapi_parser.go:504.53,508.5 3 0
apigear/pkg/idl/parser/objectapi_parser.go:508.10,509.15 1 0
apigear/pkg/idl/parser/objectapi_parser.go:515.2,518.3 2 1
apigear/pkg/idl/parser/objectapi_parser.go:523.33,524.3 1 0
apigear/pkg/idl/parser/objectapi_parser.go:529.3,531.33 3 0
apigear/pkg/idl/parser/objectapi_parser.go:524.3,527.4 2 0
apigear/pkg/idl/parser/objectapi_parser.go:567.53,572.2 4 0
apigear/pkg/idl/parser/objectapi_parser.go:574.50,574.51 0 0
apigear/pkg/idl/parser/objectapi_parser.go:576.118,585.2 5 1
apigear/pkg/idl/parser/objectapi_parser.go:587.54,587.73 1 0
apigear/pkg/idl/parser/objectapi_parser.go:589.51,589.68 1 1
apigear/pkg/idl/parser/objectapi_parser.go:591.54,591.74 1 1
apigear/pkg/idl/parser/objectapi_parser.go:593.52,593.66 1 0
apigear/pkg/idl/parser/objectapi_parser.go:595.55,595.72 1 0
apigear/pkg/idl/parser/objectapi_parser.go:597.61,599.2 1 0
apigear/pkg/idl/parser/objectapi_parser.go:601.58,603.2 1 0
apigear/pkg/idl/parser/objectapi_parser.go:605.64,607.2 1 1
apigear/pkg/idl/parser/objectapi_parser.go:609.93,611.2 1 0
apigear/pkg/idl/parser/objectapi_parser.go:613.73,614.55 1 1
apigear/pkg/idl/parser/objectapi_parser.go:614.55,616.3 1 1
apigear/pkg/idl/parser/objectapi_parser.go:619.72,620.55 1 1
apigear/pkg/idl/parser/objectapi_parser.go:620.55,622.3 1 1
apigear/pkg/idl/parser/objectapi_parser.go:625.70,632.15 5 1
apigear/pkg/idl/parser/objectapi_parser.go:636.2,636.15 1 1
apigear/pkg/idl/parser/objectapi_parser.go:648.2,649.2 2 1
apigear/pkg/idl/parser/objectapi_parser.go:668.2,668.17 1 1
apigear/pkg/idl/parser/objectapi_parser.go:632.15,634.3 1 1
apigear/pkg/idl/parser/objectapi_parser.go:636.15,637.35 1 1
apigear/pkg/idl/parser/objectapi_parser.go:637.35,638.53 1 0
apigear/pkg/idl/parser/objectapi_parser.go:638.53,642.5 3 0
apigear/pkg/idl/parser/objectapi_parser.go:642.10,643.15 1 0
apigear/pkg/idl/parser/objectapi_parser.go:649.2,652.3 2 1
apigear/pkg/idl/parser/objectapi_parser.go:653.2,659.3 3 1
apigear/pkg/idl/parser/objectapi_parser.go:660.2,666.3 3 1
apigear/pkg/idl/parser/objectapi_parser.go:701.53,706.2 4 0
apigear/pkg/idl/parser/objectapi_parser.go:708.50,708.51 0 0
apigear/pkg/idl/parser/objectapi_parser.go:710.118,719.2 5 0
apigear/pkg/idl/parser/objectapi_parser.go:721.54,721.73 1 0
apigear/pkg/idl/parser/objectapi_parser.go:723.51,723.68 1 0
apigear/pkg/idl/parser/objectapi_parser.go:725.54,725.74 1 0
apigear/pkg/idl/parser/objectapi_parser.go:727.52,727.66 1 0
apigear/pkg/idl/parser/objectapi_parser.go:729.55,729.72 1 0
apigear/pkg/idl/parser/objectapi_parser.go:731.61,733.2 1 0
apigear/pkg/idl/parser/objectapi_parser.go:735.58,737.2 1 0
apigear/pkg/idl/parser/objectapi_parser.go:739.64,741.2 1 0
apigear/pkg/idl/parser/objectapi_parser.go:743.93,745.2 1 0
apigear/pkg/idl/parser/objectapi_parser.go:747.73,748.55 1 0
apigear/pkg/idl/parser/objectapi_parser.go:748.55,750.3 1 0
apigear/pkg/idl/parser/objectapi_parser.go:753.72,754.55 1 0
apigear/pkg/idl/parser/objectapi_parser.go:754.55,756.3 1 0
apigear/pkg/idl/parser/objectapi_parser.go:759.70,766.15 5 0
apigear/pkg/idl/parser/objectapi_parser.go:770.2,770.15 1 0
apigear/pkg/idl/parser/objectapi_parser.go:782.2,783.2 2 0
apigear/pkg/idl/parser/objectapi_parser.go:802.2,802.17 1 0
apigear/pkg/idl/parser/objectapi_parser.go:766.15,768.3 1 0
apigear/pkg/idl/parser/objectapi_parser.go:770.15,771.35 1 0
apigear/pkg/idl/parser/objectapi_parser.go:771.35,772.53 1 0
apigear/pkg/idl/parser/objectapi_parser.go:772.53,776.5 3 0
apigear/pkg/idl/parser/objectapi_parser.go:776.10,777.15 1 0
apigear/pkg/idl/parser/objectapi_parser.go:783.2,786.3 2 0
apigear/pkg/idl/parser/objectapi_parser.go:787.2,793.3 3 0
apigear/pkg/idl/parser/objectapi_parser.go:794.2,800.3 3 0
apigear/pkg/idl/parser/objectapi_parser.go:821.65,826.2 4 0
apigear/pkg/idl/parser/objectapi_parser.go:828.62,828.63 0 0
apigear/pkg/idl/parser/objectapi_parser.go:830.130,839.2 5 1
apigear/pkg/idl/parser/objectapi_parser.go:841.60,841.79 1 0
apigear/pkg/idl/parser/objectapi_parser.go:843.73,845.38 2 0
apigear/pkg/idl/parser/objectapi_parser.go:852.2,852.14 1 0
apigear/pkg/idl/parser/objectapi_parser.go:856.2,856.34 1 0
apigear/pkg/idl/parser/objectapi_parser.go:845.38,846.47 1 0
apigear/pkg/idl/parser/objectapi_parser.go:846.47,848.9 2 0
apigear/pkg/idl/parser/objectapi_parser.go:852.14,854.3 1 0
apigear/pkg/idl/parser/objectapi_parser.go:859.67,861.38 2 0
apigear/pkg/idl/parser/objectapi_parser.go:868.2,868.14 1 0
apigear/pkg/idl/parser/objectapi_parser.go:872.2,872.31 1 0
apigear/pkg/idl/parser/objectapi_parser.go:861.38,862.44 1 0
apigear/pkg/idl/parser/objectapi_parser.go:862.44,864.9 2 0
apigear/pkg/idl/parser/objectapi_parser.go:868.14,870.3 1 0
apigear/pkg/idl/parser/objectapi_parser.go:875.63,877.38 2 0
apigear/pkg/idl/parser/objectapi_parser.go:884.2,884.14 1 0
apigear/pkg/idl/parser/objectapi_parser.go:888.2,888.29 1 0
apigear/pkg/idl/parser/objectapi_parser.go:877.38,878.42 1 0
apigear/pkg/idl/parser/objectapi_parser.go:878.42,880.9 2 0
apigear/pkg/idl/parser/objectapi_parser.go:884.14,886.3 1 0
apigear/pkg/idl/parser/objectapi_parser.go:891.70,893.2 1 1
apigear/pkg/idl/parser/objectapi_parser.go:895.99,897.2 1 0
apigear/pkg/idl/parser/objectapi_parser.go:899.79,900.55 1 1
apigear/pkg/idl/parser/objectapi_parser.go:900.55,902.3 1 1
apigear/pkg/idl/parser/objectapi_parser.go:905.78,906.55 1 1
apigear/pkg/idl/parser/objectapi_parser.go:906.55,908.3 1 1
apigear/pkg/idl/parser/objectapi_parser.go:911.82,918.15 5 1
apigear/pkg/idl/parser/objectapi_parser.go:922.2,922.15 1 1
apigear/pkg/idl/parser/objectapi_parser.go:934.2,937.34 3 1
apigear/pkg/idl/parser/objectapi_parser.go:963.2,963.17 1 1
apigear/pkg/idl/parser/objectapi_parser.go:918.15,920.3 1 1
apigear/pkg/idl/parser/objectapi_parser.go:922.15,923.35 1 1
apigear/pkg/idl/parser/objectapi_parser.go:923.35,924.53 1 0
apigear/pkg/idl/parser/objectapi_parser.go:924.53,928.5 3 0
apigear/pkg/idl/parser/objectapi_parser.go:928.10,929.15 1 0
apigear/pkg/idl/parser/objectapi_parser.go:938.27,940.3 2 1
apigear/pkg/idl/parser/objectapi_parser.go:945.28,947.3 2 1
apigear/pkg/idl/parser/objectapi_parser.go:952.28,954.3 2 1
apigear/pkg/idl/parser/objectapi_parser.go:959.10,960.67 1 0
apigear/pkg/idl/parser/objectapi_parser.go:940.3,943.4 2 1
apigear/pkg/idl/parser/objectapi_parser.go:947.3,950.4 2 1
apigear/pkg/idl/parser/objectapi_parser.go:954.3,957.4 2 1
apigear/pkg/idl/parser/objectapi_parser.go:989.59,994.2 4 0
apigear/pkg/idl/parser/objectapi_parser.go:996.56,996.57 0 0
apigear/pkg/idl/parser/objectapi_parser.go:998.124,1007.2 5 1
apigear/pkg/idl/parser/objectapi_parser.go:1009.57,1009.76 1 0
apigear/pkg/idl/parser/objectapi_parser.go:1011.54,1011.71 1 1
apigear/pkg/idl/parser/objectapi_parser.go:1013.55,1013.69 1 0
apigear/pkg/idl/parser/objectapi_parser.go:1015.64,1017.2 1 0
apigear/pkg/idl/parser/objectapi_parser.go:1019.89,1022.31 3 0
apigear/pkg/idl/parser/objectapi_parser.go:1028.2,1030.31 3 0
apigear/pkg/idl/parser/objectapi_parser.go:1037.2,1037.12 1 0
apigear/pkg/idl/parser/objectapi_parser.go:1022.31,1023.54 1 0
apigear/pkg/idl/parser/objectapi_parser.go:1023.54,1025.4 1 0
apigear/pkg/idl/parser/objectapi_parser.go:1030.31,1031.54 1 0
apigear/pkg/idl/parser/objectapi_parser.go:1031.54,1034.4 2 0
apigear/pkg/idl/parser/objectapi_parser.go:1040.89,1043.38 3 0
apigear/pkg/idl/parser/objectapi_parser.go:1053.2,1053.14 1 0
apigear/pkg/idl/parser/objectapi_parser.go:1057.2,1057.41 1 0
apigear/pkg/idl/parser/objectapi_parser.go:1043.38,1044.54 1 0
apigear/pkg/idl/parser/objectapi_parser.go:1044.54,1045.14 1 0
apigear/pkg/idl/parser/objectapi_parser.go:1049.4,1049.7 1 0
apigear/pkg/idl/parser/objectapi_parser.go:1045.14,1047.10 2 0
apigear/pkg/idl/parser/objectapi_parser.go:1053.14,1055.3 1 0
apigear/pkg/idl/parser/objectapi_parser.go:1060.67,1062.2 1 1
apigear/pkg/idl/parser/objectapi_parser.go:1064.96,1066.2 1 0
apigear/pkg/idl/parser/objectapi_parser.go:1068.76,1069.55 1 1
apigear/pkg/idl/parser/objectapi_parser.go:1069.55,1071.3 1 1
apigear/pkg/idl/parser/objectapi_parser.go:1074.75,1075.55 1 1
apigear/pkg/idl/parser/objectapi_parser.go:1075.55,1077.3 1 1
apigear/pkg/idl/parser/objectapi_parser.go:1080.76,1088.15 6 1
apigear/pkg/idl/parser/objectapi_parser.go:1092.2,1092.15 1 1
apigear/pkg/idl/parser/objectapi_parser.go:1104.2,1105.2 2 1
apigear/pkg/idl/parser/objectapi_parser.go:1120.2,1124.69 4 1
apigear/pkg/idl/parser/objectapi_parser.go:1139.2,1139.17 1 1
apigear/pkg/idl/parser/objectapi_parser.go:1088.15,1090.3 1 1
apigear/pkg/idl/parser/objectapi_parser.go:1092.15,1093.35 1 1
apigear/pkg/idl/parser/objectapi_parser.go:1093.35,1094.53 1 0
apigear/pkg/idl/parser/objectapi_parser.go:1094.53,1098.5 3 0
apigear/pkg/idl/parser/objectapi_parser.go:1098.10,1099.15 1 0
apigear/pkg/idl/parser/objectapi_parser.go:1105.2,1108.3 2 1
apigear/pkg/idl/parser/objectapi_parser.go:1109.2,1115.3 3 1
apigear/pkg/idl/parser/objectapi_parser.go:1116.2,1119.3 2 1
apigear/pkg/idl/parser/objectapi_parser.go:1124.69,1125.3 1 1
apigear/pkg/idl/parser/objectapi_parser.go:1130.3,1132.33 3 1
apigear/pkg/idl/parser/objectapi_parser.go:1125.3,1128.4 2 1
apigear/pkg/idl/parser/objectapi_parser.go:1134.2,1137.3 2 1
apigear/pkg/idl/parser/objectapi_parser.go:1158.73,1163.2 4 0
apigear/pkg/idl/parser/objectapi_parser.go:1165.70,1165.71 0 0
apigear/pkg/idl/parser/objectapi_parser.go:1167.138,1176.2 5 1
apigear/pkg/idl/parser/objectapi_parser.go:1178.64,1178.83 1 0
apigear/pkg/idl/parser/objectapi_parser.go:1180.75,1182.38 2 0
apigear/pkg/idl/parser/objectapi_parser.go:1189.2,1189.14 1 0
apigear/pkg/idl/parser/objectapi_parser.go:1193.2,1193.33 1 0
apigear/pkg/idl/parser/objectapi_parser.go:1182.38,1183.46 1 0
apigear/pkg/idl/parser/objectapi_parser.go:1183.46,1185.9 2 0
apigear/pkg/idl/parser/objectapi_parser.go:1189.14,1191.3 1 0
apigear/pkg/idl/parser/objectapi_parser.go:1196.71,1198.38 2 0
apigear/pkg/idl/parser/objectapi_parser.go:1205.2,1205.14 1 0
apigear/pkg/idl/parser/objectapi_parser.go:1209.2,1209.31 1 0
apigear/pkg/idl/parser/objectapi_parser.go:1198.38,1199.44 1 0
apigear/pkg/idl/parser/objectapi_parser.go:1199.44,1201.9 2 0
apigear/pkg/idl/parser/objectapi_parser.go:1205.14,1207.3 1 0
apigear/pkg/idl/parser/objectapi_parser.go:1212.71,1214.38 2 0
apigear/pkg/idl/parser/objectapi_parser.go:1221.2,1221.14 1 0
apigear/pkg/idl/parser/objectapi_parser.go:1225.2,1225.31 1 0
apigear/pkg/idl/parser/objectapi_parser.go:1214.38,1215.44 1 0
apigear/pkg/idl/parser/objectapi_parser.go:1215.44,1217.9 2 0
apigear/pkg/idl/parser/objectapi_parser.go:1221.14,1223.3 1 0
apigear/pkg/idl/parser/objectapi_parser.go:1228.74,1230.2 1 1
apigear/pkg/idl/parser/objectapi_parser.go:1232.103,1234.2 1 0
apigear/pkg/idl/parser/objectapi_parser.go:1236.83,1237.55 1 1
apigear/pkg/idl/parser/objectapi_parser.go:1237.55,1239.3 1 1
apigear/pkg/idl/parser/objectapi_parser.go:1242.82,1243.55 1 1
apigear/pkg/idl/parser/objectapi_parser.go:1243.55,1245.3 1 1
apigear/pkg/idl/parser/objectapi_parser.go:1248.90,1255.15 5 1
apigear/pkg/idl/parser/objectapi_parser.go:1259.2,1259.15 1 1
apigear/pkg/idl/parser/objectapi_parser.go:1271.2,1273.93 3 1
apigear/pkg/idl/parser/objectapi_parser.go:1297.2,1297.17 1 1
apigear/pkg/idl/parser/objectapi_parser.go:1255.15,1257.3 1 1
apigear/pkg/idl/parser/objectapi_parser.go:1259.15,1260.35 1 1
apigear/pkg/idl/parser/objectapi_parser.go:1260.35,1261.53 1 0
apigear/pkg/idl/parser/objectapi_parser.go:1261.53,1265.5 3 0
apigear/pkg/idl/parser/objectapi_parser.go:1265.10,1266.15 1 0
apigear/pkg/idl/parser/objectapi_parser.go:1274.9,1276.3 2 1
apigear/pkg/idl/parser/objectapi_parser.go:1281.9,1283.3 2 1
apigear/pkg/idl/parser/objectapi_parser.go:1288.9,1290.3 2 0
apigear/pkg/idl/parser/objectapi_parser.go:1276.3,1279.4 2 1
apigear/pkg/idl/parser/objectapi_parser.go:1283.3,1286.4 2 1
apigear/pkg/idl/parser/objectapi_parser.go:1290.3,1293.4 2 0
apigear/pkg/idl/parser/objectapi_parser.go:1330.57,1335.2 4 0
apigear/pkg/idl/parser/objectapi_parser.go:1337.54,1337.55 0 0
apigear/pkg/idl/parser/objectapi_parser.go:1339.122,1348.2 5 1
apigear/pkg/idl/parser/objectapi_parser.go:1350.56,1350.75 1 0
apigear/pkg/idl/parser/objectapi_parser.go:1352.53,1352.70 1 1
apigear/pkg/idl/parser/objectapi_parser.go:1354.54,1354.68 1 0
apigear/pkg/idl/parser/objectapi_parser.go:1356.62,1356.81 1 0
apigear/pkg/idl/parser/objectapi_parser.go:1358.63,1358.79 1 0
apigear/pkg/idl/parser/objectapi_parser.go:1360.63,1362.2 1 0
apigear/pkg/idl/parser/objectapi_parser.go:1364.63,1366.38 2 0
apigear/pkg/idl/parser/objectapi_parser.go:1373.2,1373.14 1 0
apigear/pkg/idl/parser/objectapi_parser.go:1377.2,1377.31 1 0
apigear/pkg/idl/parser/objectapi_parser.go:1366.38,1367.44 1 0
apigear/pkg/idl/parser/objectapi_parser.go:1367.44,1369.9 2 0
apigear/pkg/idl/parser/objectapi_parser.go:1373.14,1375.3 1 0
apigear/pkg/idl/parser/objectapi_parser.go:1380.66,1382.2 1 1
apigear/pkg/idl/parser/objectapi_parser.go:1384.95,1386.2 1 0
apigear/pkg/idl/parser/objectapi_parser.go:1388.75,1389.55 1 1
apigear/pkg/idl/parser/objectapi_parser.go:1389.55,1391.3 1 1
apigear/pkg/idl/parser/objectapi_parser.go:1394.74,1395.55 1 1
apigear/pkg/idl/parser/objectapi_parser.go:1395.55,1397.3 1 1
apigear/pkg/idl/parser/objectapi_parser.go:1400.74,1407.15 5 1
apigear/pkg/idl/parser/objectapi_parser.go:1411.2,1411.15 1 1
apigear/pkg/idl/parser/objectapi_parser.go:1423.2,1424.2 2 1
apigear/pkg/idl/parser/objectapi_parser.go:1443.2,1443.17 1 1
apigear/pkg/idl/parser/objectapi_parser.go:1407.15,1409.3 1 1
apigear/pkg/idl/parser/objectapi_parser.go:1411.15,1412.35 1 1
apigear/pkg/idl/parser/objectapi_parser.go:1412.35,1413.53 1 0
apigear/pkg/idl/parser/objectapi_parser.go:1413.53,1417.5 3 0
apigear/pkg/idl/parser/objectapi_parser.go:1417.10,1418.15 1 0
apigear/pkg/idl/parser/objectapi_parser.go:1424.2,1430.3 3 1
apigear/pkg/idl/parser/objectapi_parser.go:1431.2,1434.3 2 1
apigear/pkg/idl/parser/objectapi_parser.go:1435.2,1441.3 3 1
apigear/pkg/idl/parser/objectapi_parser.go:1476.53,1481.2 4 0
apigear/pkg/idl/parser/objectapi_parser.go:1483.50,1483.51 0 0
apigear/pkg/idl/parser/objectapi_parser.go:1485.118,1494.2 5 1
apigear/pkg/idl/parser/objectapi_parser.go:1496.54,1496.73 1 0
apigear/pkg/idl/parser/objectapi_parser.go:1498.51,1498.68 1 1
apigear/pkg/idl/parser/objectapi_parser.go:1500.52,1500.66 1 0
apigear/pkg/idl/parser/objectapi_parser.go:1502.59,1502.78 1 0
apigear/pkg/idl/parser/objectapi_parser.go:1504.60,1504.76 1 0
apigear/pkg/idl/parser/objectapi_parser.go:1506.61,1508.2 1 0
apigear/pkg/idl/parser/objectapi_parser.go:1510.61,1512.38 2 0
apigear/pkg/idl/parser/objectapi_parser.go:1519.2,1519.14 1 0
apigear/pkg/idl/parser/objectapi_parser.go:1523.2,1523.31 1 0
apigear/pkg/idl/parser/objectapi_parser.go:1512.38,1513.44 1 0
apigear/pkg/idl/parser/objectapi_parser.go:1513.44,1515.9 2 0
apigear/pkg/idl/parser/objectapi_parser.go:1519.14,1521.3 1 0
apigear/pkg/idl/parser/objectapi_parser.go:1526.64,1529.31 3 0
apigear/pkg/idl/parser/objectapi_parser.go:1535.2,1537.31 3 0
apigear/pkg/idl/parser/objectapi_parser.go:1544.2,1544.12 1 0
apigear/pkg/idl/parser/objectapi_parser.go:1529.31,1530.43 1 0
apigear/pkg/idl/parser/objectapi_parser.go:1530.43,1532.4 1 0
apigear/pkg/idl/parser/objectapi_parser.go:1537.31,1538.43 1 0
apigear/pkg/idl/parser/objectapi_parser.go:1538.43,1541.4 2 0
apigear/pkg/idl/parser/objectapi_parser.go:1547.64,1550.38 3 0
apigear/pkg/idl/parser/objectapi_parser.go:1560.2,1560.14 1 0
apigear/pkg/idl/parser/objectapi_parser.go:1564.2,1564.30 1 0
apigear/pkg/idl/parser/objectapi_parser.go:1550.38,1551.43 1 0
apigear/pkg/idl/parser/objectapi_parser.go:1551.43,1552.14 1 0
apigear/pkg/idl/parser/objectapi_parser.go:1556.4,1556.7 1 0
apigear/pkg/idl/parser/objectapi_parser.go:1552.14,1554.10 2 0
apigear/pkg/idl/parser/objectapi_parser.go:1560.14,1562.3 1 0
apigear/pkg/idl/parser/objectapi_parser.go:1567.64,1569.2 1 1
apigear/pkg/idl/parser/objectapi_parser.go:1571.93,1573.2 1 0
apigear/pkg/idl/parser/objectapi_parser.go:1575.73,1576.55 1 1
apigear/pkg/idl/parser/objectapi_parser.go:1576.55,1578.3 1 1
apigear/pkg/idl/parser/objectapi_parser.go:1581.72,1582.55 1 1
apigear/pkg/idl/parser/objectapi_parser.go:1582.55,1584.3 1 1
apigear/pkg/idl/parser/objectapi_parser.go:1587.70,1595.15 6 1
apigear/pkg/idl/parser/objectapi_parser.go:1599.2,1599.15 1 1
apigear/pkg/idl/parser/objectapi_parser.go:1611.2,1612.2 2 1
apigear/pkg/idl/parser/objectapi_parser.go:1623.2,1627.39 4 1
apigear/pkg/idl/parser/objectapi_parser.go:1644.2,1648.32 4 1
apigear/pkg/idl/parser/objectapi_parser.go:1656.2,1656.17 1 1
apigear/pkg/idl/parser/objectapi_parser.go:1595.15,1597.3 1 1
apigear/pkg/idl/parser/objectapi_parser.go:1599.15,1600.35 1 1
apigear/pkg/idl/parser/objectapi_parser.go:1600.35,1601.53 1 0
apigear/pkg/idl/parser/objectapi_parser.go:1601.53,1605.5 3 0
apigear/pkg/idl/parser/objectapi_parser.go:1605.10,1606.15 1 0
apigear/pkg/idl/parser/objectapi_parser.go:1612.2,1618.3 3 1
apigear/pkg/idl/parser/objectapi_parser.go:1619.2,1622.3 2 1
apigear/pkg/idl/parser/objectapi_parser.go:1627.39,1628.3 1 1
apigear/pkg/idl/parser/objectapi_parser.go:1636.3,1638.33 3 1
apigear/pkg/idl/parser/objectapi_parser.go:1628.3,1634.4 3 1
apigear/pkg/idl/parser/objectapi_parser.go:1640.2,1643.3 2 1
apigear/pkg/idl/parser/objectapi_parser.go:1648.32,1649.3 1 1
apigear/pkg/idl/parser/objectapi_parser.go:1649.3,1652.4 2 1
apigear/pkg/idl/parser/objectapi_parser.go:1682.53,1687.2 4 0
apigear/pkg/idl/parser/objectapi_parser.go:1689.50,1689.51 0 0
apigear/pkg/idl/parser/objectapi_parser.go:1691.118,1700.2 5 1
apigear/pkg/idl/parser/objectapi_parser.go:1702.54,1702.73 1 0
apigear/pkg/idl/parser/objectapi_parser.go:1704.60,1704.79 1 0
apigear/pkg/idl/parser/objectapi_parser.go:1706.61,1706.77 1 0
apigear/pkg/idl/parser/objectapi_parser.go:1708.61,1710.38 2 0
apigear/pkg/idl/parser/objectapi_parser.go:1717.2,1717.14 1 0
apigear/pkg/idl/parser/objectapi_parser.go:1721.2,1721.31 1 0
apigear/pkg/idl/parser/objectapi_parser.go:1710.38,1711.44 1 0
apigear/pkg/idl/parser/objectapi_parser.go:1711.44,1713.9 2 0
apigear/pkg/idl/parser/objectapi_parser.go:1717.14,1719.3 1 0
apigear/pkg/idl/parser/objectapi_parser.go:1724.64,1726.2 1 1
apigear/pkg/idl/parser/objectapi_parser.go:1728.93,1730.2 1 0
apigear/pkg/idl/parser/objectapi_parser.go:1732.73,1733.55 1 1
apigear/pkg/idl/parser/objectapi_parser.go:1733.55,1735.3 1 1
apigear/pkg/idl/parser/objectapi_parser.go:1738.72,1739.55 1 1
apigear/pkg/idl/parser/objectapi_parser.go:1739.55,1741.3 1 1
apigear/pkg/idl/parser/objectapi_parser.go:1744.70,1751.15 5 1
apigear/pkg/idl/parser/objectapi_parser.go:1755.2,1755.15 1 1
apigear/pkg/idl/parser/objectapi_parser.go:1767.2,1768.2 2 1
apigear/pkg/idl/parser/objectapi_parser.go:1780.2,1780.17 1 1
apigear/pkg/idl/parser/objectapi_parser.go:1751.15,1753.3 1 1
apigear/pkg/idl/parser/objectapi_parser.go:1755.15,1756.35 1 1
apigear/pkg/idl/parser/objectapi_parser.go:1756.35,1757.53 1 0
apigear/pkg/idl/parser/objectapi_parser.go:1757.53,1761.5 3 0
apigear/pkg/idl/parser/objectapi_parser.go:1761.10,1762.15 1 0
apigear/pkg/idl/parser/objectapi_parser.go:1768.2,1771.3 2 1
apigear/pkg/idl/parser/objectapi_parser.go:1772.2,1778.3 3 1
apigear/pkg/idl/parser/objectapi_parser.go:1813.51,1818.2 4 0
apigear/pkg/idl/parser/objectapi_parser.go:1820.48,1820.49 0 0
apigear/pkg/idl/parser/objectapi_parser.go:1822.116,1831.2 5 1
apigear/pkg/idl/parser/objectapi_parser.go:1833.53,1833.72 1 0
apigear/pkg/idl/parser/objectapi_parser.go:1835.50,1835.67 1 1
apigear/pkg/idl/parser/objectapi_parser.go:1837.51,1837.65 1 0
apigear/pkg/idl/parser/objectapi_parser.go:1839.59,1839.78 1 0
apigear/pkg/idl/parser/objectapi_parser.go:1841.60,1841.76 1 0
apigear/pkg/idl/parser/objectapi_parser.go:1843.60,1845.2 1 0
apigear/pkg/idl/parser/objectapi_parser.go:1847.60,1849.38 2 0
apigear/pkg/idl/parser/objectapi_parser.go:1856.2,1856.14 1 0
apigear/pkg/idl/parser/objectapi_parser.go:1860.2,1860.31 1 0
apigear/pkg/idl/parser/objectapi_parser.go:1849.38,1850.44 1 0
apigear/pkg/idl/parser/objectapi_parser.go:1850.44,1852.9 2 0
apigear/pkg/idl/parser/objectapi_parser.go:1856.14,1858.3 1 0
apigear/pkg/idl/parser/objectapi_parser.go:1863.63,1865.2 1 1
apigear/pkg/idl/parser/objectapi_parser.go:1867.92,1869.2 1 0
apigear/pkg/idl/parser/objectapi_parser.go:1871.72,1872.55 1 1
apigear/pkg/idl/parser/objectapi_parser.go:1872.55,1874.3 1 1
apigear/pkg/idl/parser/objectapi_parser.go:1877.71,1878.55 1 1
apigear/pkg/idl/parser/objectapi_parser.go:1878.55,1880.3 1 1
apigear/pkg/idl/parser/objectapi_parser.go:1883.68,1891.15 6 1
apigear/pkg/idl/parser/objectapi_parser.go:1895.2,1895.15 1 1
apigear/pkg/idl/parser/objectapi_parser.go:1907.2,1908.2 2 1
apigear/pkg/idl/parser/objectapi_parser.go:1926.2,1930.32 4 1
apigear/pkg/idl/parser/objectapi_parser.go:1938.2,1938.17 1 1
apigear/pkg/idl/parser/objectapi_parser.go:1891.15,1893.3 1 1
apigear/pkg/idl/parser/objectapi_parser.go:1895.15,1896.35 1 1
apigear/pkg/idl/parser/objectapi_parser.go:1896.35,1897.53 1 0
apigear/pkg/idl/parser/objectapi_parser.go:1897.53,1901.5 3 0
apigear/pkg/idl/parser/objectapi_parser.go:1901.10,1902.15 1 0
apigear/pkg/idl/parser/objectapi_parser.go:1908.2,1914.3 3 1
apigear/pkg/idl/parser/objectapi_parser.go:1915.2,1918.3 2 1
apigear/pkg/idl/parser/objectapi_parser.go:1919.2,1925.3 3 1
apigear/pkg/idl/parser/objectapi_parser.go:1930.32,1931.3 1 1
apigear/pkg/idl/parser/objectapi_parser.go:1931.3,1934.4 2 1
apigear/pkg/idl/parser/objectapi_parser.go:1971.53,1976.2 4 0
apigear/pkg/idl/parser/objectapi_parser.go:1978.50,1978.51 0 0
apigear/pkg/idl/parser/objectapi_parser.go:1980.118,1989.2 5 0
apigear/pkg/idl/parser/objectapi_parser.go:1991.54,1991.73 1 0
apigear/pkg/idl/parser/objectapi_parser.go:1993.51,1993.68 1 0
apigear/pkg/idl/parser/objectapi_parser.go:1995.52,1995.66 1 0
apigear/pkg/idl/parser/objectapi_parser.go:1997.59,1997.78 1 0
apigear/pkg/idl/parser/objectapi_parser.go:1999.60,1999.76 1 0
apigear/pkg/idl/parser/objectapi_parser.go:2001.61,2003.2 1 0
apigear/pkg/idl/parser/objectapi_parser.go:2005.64,2008.31 3 0
apigear/pkg/idl/parser/objectapi_parser.go:2014.2,2016.31 3 0
apigear/pkg/idl/parser/objectapi_parser.go:2023.2,2023.12 1 0
apigear/pkg/idl/parser/objectapi_parser.go:2008.31,2009.43 1 0
apigear/pkg/idl/parser/objectapi_parser.go:2009.43,2011.4 1 0
apigear/pkg/idl/parser/objectapi_parser.go:2016.31,2017.43 1 0
apigear/pkg/idl/parser/objectapi_parser.go:2017.43,2020.4 2 0
apigear/pkg/idl/parser/objectapi_parser.go:2026.64,2029.38 3 0
apigear/pkg/idl/parser/objectapi_parser.go:2039.2,2039.14 1 0
apigear/pkg/idl/parser/objectapi_parser.go:2043.2,2043.30 1 0
apigear/pkg/idl/parser/objectapi_parser.go:2029.38,2030.43 1 0
apigear/pkg/idl/parser/objectapi_parser.go:2030.43,2031.14 1 0
apigear/pkg/idl/parser/objectapi_parser.go:2035.4,2035.7 1 0
apigear/pkg/idl/parser/objectapi_parser.go:2031.14,2033.10 2 0
apigear/pkg/idl/parser/objectapi_parser.go:2039.14,2041.3 1 0
apigear/pkg/idl/parser/objectapi_parser.go:2046.64,2048.2 1 0
apigear/pkg/idl/parser/objectapi_parser.go:2050.93,2052.2 1 0
apigear/pkg/idl/parser/objectapi_parser.go:2054.73,2055.55 1 0
apigear/pkg/idl/parser/objectapi_parser.go:2055.55,2057.3 1 0
apigear/pkg/idl/parser/objectapi_parser.go:2060.72,2061.55 1 0
apigear/pkg/idl/parser/objectapi_parser.go:2061.55,2063.3 1 0
apigear/pkg/idl/parser/objectapi_parser.go:2066.70,2074.15 6 0
apigear/pkg/idl/parser/objectapi_parser.go:2078.2,2078.15 1 0
apigear/pkg/idl/parser/objectapi_parser.go:2090.2,2091.2 2 0
apigear/pkg/idl/parser/objectapi_parser.go:2106.2,2110.39 4 0
apigear/pkg/idl/parser/objectapi_parser.go:2128.2,2128.17 1 0
apigear/pkg/idl/parser/objectapi_parser.go:2074.15,2076.3 1 0
apigear/pkg/idl/parser/objectapi_parser.go:2078.15,2079.35 1 0
apigear/pkg/idl/parser/objectapi_parser.go:2079.35,2080.53 1 0
apigear/pkg/idl/parser/objectapi_parser.go:2080.53,2084.5 3 0
apigear/pkg/idl/parser/objectapi_parser.go:2084.10,2085.15 1 0
apigear/pkg/idl/parser/objectapi_parser.go:2091.2,2094.3 2 0
apigear/pkg/idl/parser/objectapi_parser.go:2095.2,2101.3 3 0
apigear/pkg/idl/parser/objectapi_parser.go:2102.2,2105.3 2 0
apigear/pkg/idl/parser/objectapi_parser.go:2110.39,2111.3 1 0
apigear/pkg/idl/parser/objectapi_parser.go:2119.3,2121.33 3 0
apigear/pkg/idl/parser/objectapi_parser.go:2111.3,2117.4 3 0
apigear/pkg/idl/parser/objectapi_parser.go:2123.2,2126.3 2 0
apigear/pkg/idl/parser/objectapi_parser.go:2154.53,2159.2 4 0
apigear/pkg/idl/parser/objectapi_parser.go:2161.50,2161.51 0 0
apigear/pkg/idl/parser/objectapi_parser.go:2163.118,2172.2 5 1
apigear/pkg/idl/parser/objectapi_parser.go:2174.54,2174.73 1 0
apigear/pkg/idl/parser/objectapi_parser.go:2176.51,2176.68 1 1
apigear/pkg/idl/parser/objectapi_parser.go:2178.52,2178.66 1 0
apigear/pkg/idl/parser/objectapi_parser.go:2180.61,2182.2 1 0
apigear/pkg/idl/parser/objectapi_parser.go:2184.76,2187.31 3 0
apigear/pkg/idl/parser/objectapi_parser.go:2193.2,2195.31 3 0
apigear/pkg/idl/parser/objectapi_parser.go:2202.2,2202.12 1 0
apigear/pkg/idl/parser/objectapi_parser.go:2187.31,2188.49 1 0
apigear/pkg/idl/parser/objectapi_parser.go:2188.49,2190.4 1 0
apigear/pkg/idl/parser/objectapi_parser.go:2195.31,2196.49 1 0
apigear/pkg/idl/parser/objectapi_parser.go:2196.49,2199.4 2 0
apigear/pkg/idl/parser/objectapi_parser.go:2205.76,2208.38 3 0
apigear/pkg/idl/parser/objectapi_parser.go:2218.2,2218.14 1 0
apigear/pkg/idl/parser/objectapi_parser.go:2222.2,2222.36 1 0
apigear/pkg/idl/parser/objectapi_parser.go:2208.38,2209.49 1 0
apigear/pkg/idl/parser/objectapi_parser.go:2209.49,2210.14 1 0
apigear/pkg/idl/parser/objectapi_parser.go:2214.4,2214.7 1 0
apigear/pkg/idl/parser/objectapi_parser.go:2210.14,2212.10 2 0
apigear/pkg/idl/parser/objectapi_parser.go:2218.14,2220.3 1 0
apigear/pkg/idl/parser/objectapi_parser.go:2225.64,2227.2 1 1
apigear/pkg/idl/parser/objectapi_parser.go:2229.93,2231.2 1 0
apigear/pkg/idl/parser/objectapi_parser.go:2233.73,2234.55 1 1
apigear/pkg/idl/parser/objectapi_parser.go:2234.55,2236.3 1 1
apigear/pkg/idl/parser/objectapi_parser.go:2239.72,2240.55 1 1
apigear/pkg/idl/parser/objectapi_parser.go:2240.55,2242.3 1 1
apigear/pkg/idl/parser/objectapi_parser.go:2245.70,2253.15 6 1
apigear/pkg/idl/parser/objectapi_parser.go:2257.2,2257.15 1 1
apigear/pkg/idl/parser/objectapi_parser.go:2269.2,2270.2 2 1
apigear/pkg/idl/parser/objectapi_parser.go:2285.2,2289.39 4 1
apigear/pkg/idl/parser/objectapi_parser.go:2304.2,2304.17 1 1
apigear/pkg/idl/parser/objectapi_parser.go:2253.15,2255.3 1 1
apigear/pkg/idl/parser/objectapi_parser.go:2257.15,2258.35 1 1
apigear/pkg/idl/parser/objectapi_parser.go:2258.35,2259.53 1 0
apigear/pkg/idl/parser/objectapi_parser.go:2259.53,2263.5 3 0
apigear/pkg/idl/parser/objectapi_parser.go:2263.10,2264.15 1 0
apigear/pkg/idl/parser/objectapi_parser.go:2270.2,2273.3 2 1
apigear/pkg/idl/parser/objectapi_parser.go:2274.2,2280.3 3 1
apigear/pkg/idl/parser/objectapi_parser.go:2281.2,2284.3 2 1
apigear/pkg/idl/parser/objectapi_parser.go:2289.39,2290.3 1 0
apigear/pkg/idl/parser/objectapi_parser.go:2295.3,2297.33 3 0
apigear/pkg/idl/parser/objectapi_parser.go:2290.3,2293.4 2 0
apigear/pkg/idl/parser/objectapi_parser.go:2299.2,2302.3 2 1
apigear/pkg/idl/parser/objectapi_parser.go:2337.63,2342.2 4 0
apigear/pkg/idl/parser/objectapi_parser.go:2344.60,2344.61 0 0
apigear/pkg/idl/parser/objectapi_parser.go:2346.128,2355.2 5 0
apigear/pkg/idl/parser/objectapi_parser.go:2357.59,2357.78 1 0
apigear/pkg/idl/parser/objectapi_parser.go:2359.56,2359.73 1 0
apigear/pkg/idl/parser/objectapi_parser.go:2361.57,2361.71 1 0
apigear/pkg/idl/parser/objectapi_parser.go:2363.65,2363.84 1 0
apigear/pkg/idl/parser/objectapi_parser.go:2365.66,2365.82 1 0
apigear/pkg/idl/parser/objectapi_parser.go:2367.66,2369.2 1 0
apigear/pkg/idl/parser/objectapi_parser.go:2371.66,2373.38 2 0
apigear/pkg/idl/parser/objectapi_parser.go:2380.2,2380.14 1 0
apigear/pkg/idl/parser/objectapi_parser.go:2384.2,2384.31 1 0
apigear/pkg/idl/parser/objectapi_parser.go:2373.38,2374.44 1 0
[...]
apigear/pkg/model/base.go:230.32,232.2 1 0
apigear/pkg/model/base.go:234.34,236.2 1 0
apigear/pkg/model/base.go:238.37,240.2 1 0
apigear/cmd/cfg/info.go:9.34,14.48 1 1
apigear/cmd/cfg/info.go:19.2,19.12 1 1
apigear/cmd/cfg/info.go:14.48,17.4 2 0
apigear/pkg/mon/event.go:12.36,14.2 1 0
apigear/pkg/mon/event.go:16.41,18.2 1 0
apigear/pkg/mon/event.go:45.51,49.2 1 0
apigear/pkg/mon/event.go:52.85,61.2 1 0
apigear/pkg/mon/event.go:64.68,66.2 1 0
apigear/pkg/mon/event.go:69.70,71.2 1 0
apigear/pkg/mon/event.go:74.69,76.2 1 0
apigear/pkg/mon/event.go:79.53,80.24 1 0
apigear/pkg/mon/event.go:83.2,83.20 1 0
apigear/pkg/mon/event.go:86.2,86.30 1 0
apigear/pkg/mon/event.go:89.2,89.14 1 0
apigear/pkg/mon/event.go:80.24,82.3 1 0
apigear/pkg/mon/event.go:83.20,85.3 1 0
apigear/pkg/mon/event.go:86.30,88.3 1 0
apigear/pkg/mon/event.go:95.28,97.2 1 0
apigear/pkg/mon/event.go:100.30,102.2 1 0
apigear/pkg/sim/scriptengine.go:22.38,27.2 2 0
apigear/pkg/sim/scriptengine.go:29.49,32.16 3 0
apigear/pkg/sim/scriptengine.go:36.2,37.12 2 0
apigear/pkg/sim/scriptengine.go:32.16,35.3 2 0
apigear/pkg/sim/scriptengine.go:40.51,43.16 3 0
apigear/pkg/sim/scriptengine.go:43.16,45.3 1 0
apigear/cmd/prj/recent.go:11.40,17.48 1 1
apigear/cmd/prj/recent.go:24.2,24.12 1 1
apigear/cmd/prj/recent.go:17.48,19.50 2 1
apigear/cmd/prj/recent.go:19.50,21.5 1 1
apigear/pkg/tpl/remove.go:11.40,18.36 5 0
apigear/pkg/tpl/remove.go:21.2,21.29 1 0
apigear/pkg/tpl/remove.go:18.36,20.3 1 0
apigear/pkg/mon/script.go:15.22,16.16 1 0
apigear/pkg/mon/script.go:16.16,17.13 1 0
apigear/pkg/mon/script.go:26.55,33.2 6 0
apigear/pkg/mon/script.go:35.60,37.16 2 0
apigear/pkg/mon/script.go:40.2,40.37 1 0
apigear/pkg/mon/script.go:37.16,39.3 1 0
apigear/pkg/mon/script.go:43.54,45.15 2 0
apigear/pkg/mon/script.go:48.2,48.16 1 0
apigear/pkg/mon/script.go:51.2,52.16 2 0
apigear/pkg/mon/script.go:55.2,55.12 1 0
apigear/pkg/mon/script.go:45.15,47.3 1 0
apigear/pkg/mon/script.go:48.16,50.3 1 0
apigear/pkg/mon/script.go:52.16,54.3 1 0
apigear/pkg/mon/script.go:58.30,63.2 4 0
apigear/pkg/mon/script.go:65.59,76.2 3 0
apigear/pkg/mon/script.go:78.61,89.2 3 0
apigear/pkg/mon/script.go:91.58,102.2 3 0
apigear/pkg/mon/script.go:104.45,106.2 1 0
apigear/pkg/sim/simu.go:18.34,22.2 1 0
apigear/pkg/sim/simu.go:24.57,25.21 1 0
apigear/pkg/sim/simu.go:25.21,28.3 2 0
apigear/pkg/sim/simu.go:31.50,33.2 1 0
apigear/pkg/sim/simu.go:35.34,37.2 1 0
apigear/pkg/sim/simu.go:39.84,42.18 3 0
apigear/pkg/sim/simu.go:45.2,45.34 1 0
apigear/pkg/sim/simu.go:50.2,50.12 1 0
apigear/pkg/sim/simu.go:42.18,44.3 1 0
apigear/pkg/sim/simu.go:45.34,46.27 1 0
apigear/pkg/sim/simu.go:46.27,48.4 1 0
apigear/pkg/sim/simu.go:53.71,55.39 2 0
apigear/pkg/sim/simu.go:62.2,62.12 1 0
apigear/pkg/sim/simu.go:55.39,56.45 1 0
apigear/pkg/sim/simu.go:56.45,57.31 1 0
apigear/pkg/sim/simu.go:57.31,59.5 1 0
apigear/pkg/sim/simu.go:65.92,68.18 3 0
apigear/pkg/sim/simu.go:71.2,71.34 1 0
apigear/pkg/sim/simu.go:76.2,76.12 1 0
apigear/pkg/sim/simu.go:68.18,70.3 1 0
apigear/pkg/sim/simu.go:71.34,72.23 1 0
apigear/pkg/sim/simu.go:72.23,74.4 1 0
apigear/pkg/prj/zip.go:13.56,15.16 2 0
apigear/pkg/prj/zip.go:18.2,24.83 6 0
apigear/pkg/prj/zip.go:55.2,55.12 1 0
apigear/pkg/prj/zip.go:15.16,17.3 1 0
apigear/pkg/prj/zip.go:24.83,25.17 1 0
apigear/pkg/prj/zip.go:28.3,29.17 2 0
apigear/pkg/prj/zip.go:32.3,34.17 3 0
apigear/pkg/prj/zip.go:37.3,39.48 3 0
apigear/pkg/prj/zip.go:42.3,42.20 1 0
apigear/pkg/prj/zip.go:53.3,53.13 1 0
apigear/pkg/prj/zip.go:25.17,27.4 1 0
apigear/pkg/prj/zip.go:29.17,31.4 1 0
apigear/pkg/prj/zip.go:34.17,36.4 1 0
apigear/pkg/prj/zip.go:39.48,41.4 1 0
apigear/pkg/prj/zip.go:42.20,44.18 2 0
apigear/pkg/prj/zip.go:47.4,49.18 3 0
apigear/pkg/prj/zip.go:44.18,46.5 1 0
apigear/pkg/prj/zip.go:49.18,51.5 1 0
apigear/cmd/sdk/root.go:7.38,14.55 1 1
apigear/cmd/sdk/root.go:18.2,19.12 2 1
apigear/cmd/sdk/root.go:14.55,16.4 1 1
apigear/cmd/mon/feed.go:11.40,22.48 3 1
apigear/cmd/mon/feed.go:62.2,64.12 2 1
apigear/cmd/mon/feed.go:22.48,25.40 3 0
apigear/cmd/mon/feed.go:26.28,29.49 3 0
apigear/cmd/mon/feed.go:35.5,35.31 1 0
apigear/cmd/mon/feed.go:36.15,39.53 3 0
apigear/cmd/mon/feed.go:46.5,46.31 1 0
apigear/cmd/mon/feed.go:47.16,50.49 3 0
apigear/cmd/mon/feed.go:56.5,56.31 1 0
apigear/cmd/mon/feed.go:57.12,58.53 1 0
apigear/cmd/mon/feed.go:29.49,31.20 2 0
apigear/cmd/mon/feed.go:31.20,33.7 1 0
apigear/cmd/mon/feed.go:39.53,42.20 3 0
apigear/cmd/mon/feed.go:42.20,44.7 1 0
apigear/cmd/mon/feed.go:50.49,52.20 2 0
apigear/cmd/mon/feed.go:52.20,54.7 1 0
apigear/pkg/model/system.go:10.37,18.2 1 1
apigear/pkg/model/system.go:20.51,21.30 1 0
apigear/pkg/model/system.go:26.2,26.12 1 0
apigear/pkg/model/system.go:21.30,22.21 1 0
apigear/pkg/model/system.go:22.21,24.4 1 0
apigear/pkg/model/system.go:29.81,31.14 2 0
apigear/pkg/model/system.go:34.2,34.37 1 0
apigear/pkg/model/system.go:31.14,33.3 1 0
apigear/pkg/model/system.go:37.76,39.14 2 0
apigear/pkg/model/system.go:42.2,42.35 1 0
apigear/pkg/model/system.go:39.14,41.3 1 0
apigear/pkg/model/system.go:45.70,47.14 2 0
apigear/pkg/model/system.go:50.2,50.31 1 0
apigear/pkg/model/system.go:47.14,49.3 1 0
apigear/pkg/model/system.go:53.97,55.14 2 0
apigear/pkg/model/system.go:58.2,58.35 1 0
apigear/pkg/model/system.go:55.14,57.3 1 0
apigear/pkg/model/system.go:61.94,63.14 2 0
apigear/pkg/model/system.go:66.2,66.35 1 0
apigear/pkg/model/system.go:63.14,65.3 1 0
apigear/pkg/model/system.go:69.93,71.14 2 0
apigear/pkg/model/system.go:74.2,74.34 1 0
apigear/pkg/model/system.go:71.14,73.3 1 0
apigear/pkg/model/system.go:77.37,79.30 2 1
apigear/pkg/model/system.go:85.2,85.12 1 1
apigear/pkg/model/system.go:79.30,81.17 2 1
apigear/pkg/model/system.go:81.17,83.4 1 0
apigear/pkg/net/rpc/reader.go:13.96,16.16 2 0
apigear/pkg/net/rpc/reader.go:20.2,23.16 3 0
apigear/pkg/net/rpc/reader.go:16.16,19.3 2 0
apigear/pkg/net/rpc/reader.go:23.16,26.3 2 0
apigear/pkg/net/rpc/reader.go:29.96,32.21 3 0
apigear/pkg/net/rpc/reader.go:49.2,51.16 3 0
apigear/pkg/net/rpc/reader.go:55.2,55.12 1 0
apigear/pkg/net/rpc/reader.go:32.21,38.17 5 0
apigear/pkg/net/rpc/reader.go:41.3,42.16 2 0
apigear/pkg/net/rpc/reader.go:46.3,47.15 2 0
apigear/pkg/net/rpc/reader.go:38.17,40.4 1 0
apigear/pkg/net/rpc/reader.go:42.16,45.4 2 0
apigear/pkg/net/rpc/reader.go:51.16,54.3 2 0
apigear/cmd/prj/share.go:10.39,16.48 1 1
apigear/cmd/prj/share.go:21.2,21.12 1 1
apigear/cmd/prj/share.go:16.48,19.4 2 0
apigear/cmd/cfg/get.go:8.33,14.48 1 1
apigear/cmd/cfg/get.go:32.2,32.12 1 1
apigear/cmd/cfg/get.go:14.48,15.22 1 0
apigear/cmd/cfg/get.go:15.22,18.43 2 0
apigear/cmd/cfg/get.go:18.43,20.6 1 0
apigear/cmd/cfg/get.go:21.10,24.25 2 0
apigear/cmd/cfg/get.go:24.25,26.6 1 0
apigear/cmd/cfg/get.go:26.11,28.6 1 0
apigear/pkg/gen/filters/filtercpp/cpp_default.go:11.51,14.11 3 0
apigear/pkg/gen/filters/filtercpp/cpp_default.go:40.2,40.20 1 0
apigear/pkg/gen/filters/filtercpp/cpp_default.go:44.2,44.13 1 0
apigear/pkg/gen/filters/filtercpp/cpp_default.go:15.16,16.25 1 0
apigear/pkg/gen/filters/filtercpp/cpp_default.go:17.13,18.13 1 0
apigear/pkg/gen/filters/filtercpp/cpp_default.go:19.15,20.15 1 0
apigear/pkg/gen/filters/filtercpp/cpp_default.go:21.14,22.17 1 0
apigear/pkg/gen/filters/filtercpp/cpp_default.go:23.10,24.27 1 0
apigear/pkg/gen/filters/filtercpp/cpp_default.go:27.3,28.15 2 0
apigear/pkg/gen/filters/filtercpp/cpp_default.go:31.3,32.15 2 0
apigear/pkg/gen/filters/filtercpp/cpp_default.go:35.3,36.15 2 0
apigear/pkg/gen/filters/filtercpp/cpp_default.go:24.27,26.4 1 0
apigear/pkg/gen/filters/filtercpp/cpp_default.go:28.15,30.4 1 0
apigear/pkg/gen/filters/filtercpp/cpp_default.go:32.15,34.4 1 0
apigear/pkg/gen/filters/filtercpp/cpp_default.go:36.15,38.4 1 0
apigear/pkg/gen/filters/filtercpp/cpp_default.go:40.20,43.3 2 0
apigear/pkg/gen/filters/filtercpp/cpp_default.go:48.60,52.2 3 0
apigear/pkg/gen/filters/filtergo/go_params.go:8.63,10.26 2 0
apigear/pkg/gen/filters/filtergo/go_params.go:13.2,13.35 1 0
apigear/pkg/gen/filters/filtergo/go_params.go:10.26,12.3 1 0
apigear/pkg/gen/filters/funcmap.go:10.41,36.2 24 1
apigear/cmd/sdk/expert.go:14.22,15.16 1 1
apigear/cmd/sdk/expert.go:15.16,17.3 1 0
apigear/cmd/sdk/expert.go:29.40,37.48 2 1
apigear/cmd/sdk/expert.go:48.2,57.12 10 1
apigear/cmd/sdk/expert.go:37.48,38.21 1 1
apigear/cmd/sdk/expert.go:38.21,40.5 1 0
apigear/cmd/sdk/expert.go:40.10,42.19 2 1
apigear/cmd/sdk/expert.go:42.19,44.6 1 0
apigear/cmd/sdk/expert.go:60.46,76.16 5 1
apigear/cmd/sdk/expert.go:79.2,81.12 3 1
apigear/cmd/sdk/expert.go:76.16,78.3 1 0
apigear/cmd/sdk/expert.go:84.42,86.16 2 0
apigear/cmd/sdk/expert.go:89.2,90.16 2 0
apigear/cmd/sdk/expert.go:93.2,95.12 3 0
apigear/cmd/sdk/expert.go:111.2,111.39 1 0
apigear/cmd/sdk/expert.go:118.2,118.96 1 0
apigear/cmd/sdk/expert.go:130.2,130.16 1 0
apigear/cmd/sdk/expert.go:133.2,133.8 1 0
apigear/cmd/sdk/expert.go:86.16,88.3 1 0
apigear/cmd/sdk/expert.go:90.16,92.3 1 0
apigear/cmd/sdk/expert.go:95.12,96.7 1 0
apigear/cmd/sdk/expert.go:96.7,97.11 1 0
apigear/cmd/sdk/expert.go:98.35,99.50 1 0
apigear/cmd/sdk/expert.go:106.33,107.19 1 0
apigear/cmd/sdk/expert.go:99.50,102.20 3 0
apigear/cmd/sdk/expert.go:102.20,104.7 1 0
apigear/cmd/sdk/expert.go:111.39,113.17 2 0
apigear/cmd/sdk/expert.go:113.17,115.4 1 0
apigear/cmd/sdk/expert.go:118.96,119.17 1 0
apigear/cmd/sdk/expert.go:122.3,122.19 1 0
apigear/cmd/sdk/expert.go:128.3,128.13 1 0
apigear/cmd/sdk/expert.go:119.17,121.4 1 0
apigear/cmd/sdk/expert.go:122.19,124.18 2 0
apigear/cmd/sdk/expert.go:124.18,126.5 1 0
apigear/cmd/sdk/expert.go:130.16,132.3 1 0
apigear/pkg/tpl/update.go:8.40,13.16 4 0
apigear/pkg/tpl/update.go:17.2,17.12 1 0
apigear/pkg/tpl/update.go:13.16,16.3 1 0
apigear/cmd/tpl/installed.go:10.38,17.48 1 1
apigear/cmd/tpl/installed.go:29.2,29.12 1 1
apigear/cmd/tpl/installed.go:17.48,19.18 2 0
apigear/cmd/tpl/installed.go:23.4,24.31 2 0
apigear/cmd/tpl/installed.go:19.18,22.5 2 0
apigear/cmd/tpl/installed.go:24.31,26.5 1 0
apigear/pkg/gen/filters/filtercpp/filters.go:8.43,16.2 7 1
apigear/cmd/tpl/root.go:7.38,13.55 1 1
apigear/cmd/tpl/root.go:17.2,23.12 7 1
apigear/cmd/tpl/root.go:13.55,15.4 1 1
apigear/pkg/sim/symbols.go:12.33,14.2 1 0
apigear/pkg/sim/symbols.go:19.42,21.21 2 0
apigear/pkg/sim/symbols.go:24.2,24.27 1 0
apigear/pkg/sim/symbols.go:21.21,23.3 1 0
apigear/pkg/sim/symbols.go:28.35,31.2 2 0
apigear/pkg/sim/symbols.go:34.31,37.2 2 0
apigear/pkg/sim/symbols.go:40.47,41.20 1 0
apigear/pkg/sim/symbols.go:44.2,44.53 1 0
apigear/pkg/sim/symbols.go:41.20,43.3 1 0
apigear/pkg/net/simu.go:14.62,19.2 2 0
apigear/pkg/net/simu.go:21.63,25.18 3 0
apigear/pkg/net/simu.go:35.2,35.12 1 0
apigear/pkg/net/simu.go:26.19,31.17 5 0
apigear/pkg/net/simu.go:31.17,33.4 1 0
apigear/pkg/prj/project.go:13.54,16.43 2 0
apigear/pkg/prj/project.go:20.2,20.69 1 0
apigear/pkg/prj/project.go:24.2,24.28 1 0
apigear/pkg/prj/project.go:16.43,18.3 1 0
apigear/pkg/prj/project.go:20.69,22.3 1 0
apigear/pkg/prj/project.go:27.35,29.2 1 0
apigear/pkg/prj/project.go:32.49,35.46 2 1
apigear/pkg/prj/project.go:42.2,42.68 1 1
apigear/pkg/prj/project.go:48.2,48.89 1 1
apigear/pkg/prj/project.go:51.2,51.93 1 1
apigear/pkg/prj/project.go:54.2,54.23 1 1
apigear/pkg/prj/project.go:35.46,37.17 2 1
apigear/pkg/prj/project.go:37.17,39.4 1 0
apigear/pkg/prj/project.go:42.68,43.23 1 0
apigear/pkg/prj/project.go:43.23,45.4 1 0
apigear/pkg/prj/project.go:48.89,50.3 1 0
apigear/pkg/prj/project.go:51.93,53.3 1 0
apigear/pkg/prj/project.go:57.52,59.2 1 1
apigear/pkg/prj/project.go:61.41,63.48 2 1
apigear/pkg/prj/project.go:72.2,72.14 1 1
apigear/pkg/prj/project.go:63.48,65.17 2 1
apigear/pkg/prj/project.go:70.3,70.30 1 1
apigear/pkg/prj/project.go:65.17,68.12 3 1
apigear/pkg/prj/project.go:75.33,77.16 2 0
apigear/pkg/prj/project.go:80.2,81.18 2 0
apigear/pkg/prj/project.go:77.16,79.3 1 0
apigear/pkg/prj/project.go:84.33,86.16 2 0
apigear/pkg/prj/project.go:89.2,90.18 2 0
apigear/pkg/prj/project.go:86.16,88.3 1 0
apigear/pkg/prj/project.go:93.71,96.43 2 1
apigear/pkg/prj/project.go:100.2,100.69 1 1
apigear/pkg/prj/project.go:104.2,104.51 1 1
apigear/pkg/prj/project.go:108.2,108.69 1 1
apigear/pkg/prj/project.go:112.2,112.50 1 1
apigear/pkg/prj/project.go:115.2,115.28 1 1
apigear/pkg/prj/project.go:96.43,98.3 1 0
apigear/pkg/prj/project.go:100.69,102.3 1 0
apigear/pkg/prj/project.go:104.51,106.3 1 0
apigear/pkg/prj/project.go:108.69,110.3 1 0
apigear/pkg/prj/project.go:112.50,114.3 1 0
apigear/pkg/prj/project.go:118.64,121.51 2 0
apigear/pkg/prj/project.go:125.2,125.69 1 0
apigear/pkg/prj/project.go:129.2,129.54 1 0
apigear/pkg/prj/project.go:132.2,132.20 1 0
apigear/pkg/prj/project.go:121.51,123.3 1 0
apigear/pkg/prj/project.go:125.69,127.3 1 0
apigear/pkg/prj/project.go:129.54,131.3 1 0
apigear/pkg/gen/filters/filtercpp/cpp_ns.go:11.56,13.19 2 0
apigear/pkg/gen/filters/filtercpp/cpp_ns.go:16.2,17.52 2 0
apigear/pkg/gen/filters/filtercpp/cpp_ns.go:20.2,21.37 2 0
apigear/pkg/gen/filters/filtercpp/cpp_ns.go:13.19,15.3 1 0
apigear/pkg/gen/filters/filtercpp/cpp_ns.go:17.52,19.3 1 0
apigear/pkg/gen/filters/filtercpp/cpp_ns.go:25.57,27.19 2 0
apigear/pkg/gen/filters/filtercpp/cpp_ns.go:30.2,33.18 4 0
apigear/pkg/gen/filters/filtercpp/cpp_ns.go:37.2,38.37 2 0
apigear/pkg/gen/filters/filtercpp/cpp_ns.go:27.19,29.3 1 0
apigear/pkg/gen/filters/filtercpp/cpp_ns.go:33.18,36.3 2 0
apigear/pkg/gen/filters/filtercpp/cpp_ns.go:42.52,44.19 2 0
apigear/pkg/gen/filters/filtercpp/cpp_ns.go:47.2,49.37 3 0
apigear/pkg/gen/filters/filtercpp/cpp_ns.go:44.19,46.3 1 0
apigear/pkg/spec/check.go:19.59,21.16 2 1
apigear/pkg/spec/check.go:24.2,24.67 1 1
apigear/pkg/spec/check.go:30.2,31.16 2 1
apigear/pkg/spec/check.go:34.2,34.29 1 1
apigear/pkg/spec/check.go:21.16,23.3 1 0
apigear/pkg/spec/check.go:24.67,26.17 2 1
apigear/pkg/spec/check.go:26.17,28.4 1 0
apigear/pkg/spec/check.go:31.16,33.3 1 0
apigear/pkg/spec/check.go:37.41,40.16 2 0
apigear/pkg/spec/check.go:43.2,45.21 3 0
apigear/pkg/spec/check.go:54.2,54.38 1 0
apigear/pkg/spec/check.go:57.2,57.12 1 0
apigear/pkg/spec/check.go:40.16,42.3 1 0
apigear/pkg/spec/check.go:45.21,50.17 4 0
apigear/pkg/spec/check.go:50.17,52.4 1 0
apigear/pkg/spec/check.go:54.38,56.3 1 0
apigear/pkg/spec/check.go:60.38,63.16 2 0
apigear/pkg/spec/check.go:66.2,69.16 4 0
apigear/pkg/spec/check.go:72.2,72.12 1 0
apigear/pkg/spec/check.go:63.16,65.3 1 0
apigear/pkg/spec/check.go:69.16,71.3 1 0
apigear/pkg/spec/check.go:75.38,79.16 4 0
apigear/pkg/spec/check.go:82.2,82.23 1 0
apigear/pkg/spec/check.go:79.16,81.3 1 0
apigear/pkg/mon/reader.go:13.59,16.16 2 0
apigear/pkg/mon/reader.go:20.2,22.21 3 0
apigear/pkg/mon/reader.go:34.2,34.38 1 0
apigear/pkg/mon/reader.go:38.2,39.12 2 0
apigear/pkg/mon/reader.go:16.16,19.3 2 0
apigear/pkg/mon/reader.go:22.21,28.17 5 0
apigear/pkg/mon/reader.go:32.3,32.19 1 0
apigear/pkg/mon/reader.go:28.17,30.12 2 0
apigear/pkg/mon/reader.go:34.38,37.3 2 0
apigear/pkg/model/enum.go:10.33,17.2 1 0
apigear/pkg/model/enum.go:19.46,20.32 1 0
apigear/pkg/model/enum.go:26.2,26.12 1 0
apigear/pkg/model/enum.go:20.32,22.17 2 0
apigear/pkg/model/enum.go:22.17,24.4 1 0
apigear/pkg/model/enum.go:36.56,44.2 1 0
apigear/pkg/model/enum.go:46.50,48.2 1 0
apigear/cmd/tools/doc.go:11.38,18.48 2 1
apigear/cmd/tools/doc.go:40.2,41.12 2 1
apigear/cmd/tools/doc.go:18.48,20.21 2 0
apigear/cmd/tools/doc.go:23.4,23.13 1 0
apigear/cmd/tools/doc.go:29.4,29.50 1 0
apigear/cmd/tools/doc.go:33.4,35.18 3 0
apigear/cmd/tools/doc.go:20.21,22.5 1 0
apigear/cmd/tools/doc.go:23.13,25.19 2 0
apigear/cmd/tools/doc.go:25.19,27.6 1 0
apigear/cmd/tools/doc.go:29.50,32.5 2 0
apigear/cmd/tools/doc.go:35.18,37.5 1 0
apigear/pkg/net/rpc/hub.go:20.44,32.2 3 0
apigear/pkg/net/rpc/hub.go:34.78,36.16 2 0
apigear/pkg/net/rpc/hub.go:40.2,40.24 1 0
apigear/pkg/net/rpc/hub.go:36.16,39.3 2 0
apigear/pkg/net/rpc/hub.go:43.21,44.6 1 0
apigear/pkg/net/rpc/hub.go:44.6,45.10 1 0
apigear/pkg/net/rpc/hub.go:46.26,47.21 1 0
apigear/pkg/net/rpc/hub.go:48.28,49.31 1 0
apigear/pkg/net/rpc/hub.go:53.26,54.23 1 0
apigear/pkg/net/rpc/hub.go:61.27,62.27 1 0
apigear/pkg/net/rpc/hub.go:49.31,52.5 2 0
apigear/pkg/net/rpc/hub.go:54.23,56.19 2 0
apigear/pkg/net/rpc/hub.go:56.19,59.6 1 0
apigear/pkg/net/rpc/hub.go:62.27,63.12 1 0
apigear/pkg/net/rpc/hub.go:64.22,64.22 0 0
apigear/pkg/net/rpc/hub.go:65.13,66.23 1 0
apigear/pkg/net/rpc/hub.go:73.41,75.2 1 0
apigear/cmd/mon/root.go:7.38,19.55 1 1
apigear/cmd/mon/root.go:23.2,25.12 3 1
apigear/cmd/mon/root.go:19.55,21.4 1 0
apigear/pkg/sol/runner.go:20.24,22.37 2 1
apigear/pkg/sol/runner.go:22.37,24.17 2 1
apigear/pkg/sol/runner.go:24.17,26.4 1 0
apigear/pkg/sol/runner.go:32.63,40.16 8 1
apigear/pkg/sol/runner.go:44.2,46.16 3 1
apigear/pkg/sol/runner.go:50.2,51.16 2 1
apigear/pkg/sol/runner.go:55.2,56.16 2 1
apigear/pkg/sol/runner.go:59.2,59.33 1 1
apigear/pkg/sol/runner.go:40.16,43.3 1 1
apigear/pkg/sol/runner.go:46.16,48.3 1 0
apigear/pkg/sol/runner.go:51.16,53.3 1 0
apigear/pkg/sol/runner.go:56.16,58.3 1 0
apigear/pkg/sol/runner.go:65.70,70.16 5 1
apigear/pkg/sol/runner.go:74.2,74.29 1 1
apigear/pkg/sol/runner.go:91.2,92.16 2 1
apigear/pkg/sol/runner.go:95.2,95.12 1 1
apigear/pkg/sol/runner.go:70.16,73.3 2 0
apigear/pkg/sol/runner.go:74.29,76.29 2 1
apigear/pkg/sol/runner.go:77.33,79.18 2 1
apigear/pkg/sol/runner.go:82.15,84.18 2 0
apigear/pkg/sol/runner.go:87.11,88.49 1 0
apigear/pkg/sol/runner.go:79.18,81.5 1 0
apigear/pkg/sol/runner.go:84.18,86.5 1 0
apigear/pkg/sol/runner.go:92.16,94.3 1 0
apigear/pkg/sol/runner.go:102.82,104.31 2 1
apigear/pkg/sol/runner.go:130.2,130.19 1 1
apigear/pkg/sol/runner.go:104.31,107.17 3 1
apigear/pkg/sol/runner.go:112.3,112.19 1 1
apigear/pkg/sol/runner.go:107.17,109.12 2 0
apigear/pkg/sol/runner.go:112.19,113.85 1 0
apigear/pkg/sol/runner.go:123.4,123.18 1 0
apigear/pkg/sol/runner.go:113.85,114.19 1 0
apigear/pkg/sol/runner.go:117.5,117.18 1 0
apigear/pkg/sol/runner.go:120.5,121.15 2 0
apigear/pkg/sol/runner.go:114.19,116.6 1 0
apigear/pkg/sol/runner.go:117.18,119.6 1 0
apigear/pkg/sol/runner.go:123.18,125.5 1 0
apigear/pkg/sol/runner.go:126.9,128.4 1 1
apigear/pkg/sol/runner.go:133.70,138.2 1 1
apigear/pkg/sim/actions/action.go:17.57,19.32 2 0
apigear/pkg/sim/actions/action.go:26.2,26.12 1 0
apigear/pkg/sim/actions/action.go:19.32,22.21 3 0
apigear/pkg/sim/actions/action.go:22.21,24.4 1 0
apigear/pkg/sim/actions/action.go:29.68,32.2 2 0
apigear/pkg/sim/actions/action.go:34.58,36.2 1 0
apigear/pkg/gen/filters/filtergo/go_return.go:9.65,10.19 1 0
apigear/pkg/gen/filters/filtergo/go_return.go:14.2,15.25 2 0
apigear/pkg/gen/filters/filtergo/go_return.go:35.2,35.20 1 0
apigear/pkg/gen/filters/filtergo/go_return.go:38.2,38.13 1 0
apigear/pkg/gen/filters/filtergo/go_return.go:10.19,13.3 2 0
apigear/pkg/gen/filters/filtergo/go_return.go:16.24,17.18 1 0
apigear/pkg/gen/filters/filtergo/go_return.go:18.21,19.15 1 0
apigear/pkg/gen/filters/filtergo/go_return.go:20.23,21.19 1 0
apigear/pkg/gen/filters/filtergo/go_return.go:22.22,23.16 1 0
apigear/pkg/gen/filters/filtergo/go_return.go:24.22,25.50 1 0
apigear/pkg/gen/filters/filtergo/go_return.go:26.24,27.50 1 0
apigear/pkg/gen/filters/filtergo/go_return.go:28.27,29.51 1 0
apigear/pkg/gen/filters/filtergo/go_return.go:30.22,31.12 1 0
apigear/pkg/gen/filters/filtergo/go_return.go:32.10,33.62 1 0
apigear/pkg/gen/filters/filtergo/go_return.go:35.20,37.3 1 0
apigear/pkg/gen/filters/filtergo/go_return.go:42.60,43.17 1 0
apigear/pkg/gen/filters/filtergo/go_return.go:47.2,47.45 1 0
apigear/pkg/gen/filters/filtergo/go_return.go:43.17,46.3 2 0
apigear/cmd/sim/feed.go:15.65,18.2 2 0
apigear/cmd/sim/feed.go:20.40,33.48 3 1
apigear/cmd/sim/feed.go:51.2,53.12 3 1
apigear/cmd/sim/feed.go:33.48,36.40 3 0
apigear/cmd/sim/feed.go:37.19,42.19 5 0
apigear/cmd/sim/feed.go:45.5,47.33 3 0
apigear/cmd/sim/feed.go:42.19,44.6 1 0
apigear/cmd/tpl/search.go:9.40,16.48 1 1
apigear/cmd/tpl/search.go:20.2,20.12 1 1
apigear/cmd/tpl/search.go:16.48,18.4 1 0
apigear/cmd/tpl/update.go:9.40,18.48 2 1
apigear/cmd/tpl/update.go:27.2,27.12 1 1
apigear/cmd/tpl/update.go:18.48,22.18 4 0
apigear/cmd/tpl/update.go:22.18,24.5 1 0
